27980:C 09 Jun 08:15:59.286 # Warning: no config file specified, using the default config. In order to specify a config file use redis-server /path/to/redis.conf
27980:M 09 Jun 08:15:59.287 * Increased maximum number of open files to 10032 (it was originally set to 1024).
27980:M 09 Jun 08:15:59.287 # Creating Server TCP listening socket *:6379: bind: Address already in use
27981:C 09 Jun 08:16:10.334 # Warning: no config file specified, using the default config. In order to specify a config file use redis-server /path/to/redis.conf
27981:M 09 Jun 08:16:10.336 * Increased maximum number of open files to 10032 (it was originally set to 1024).
27981:M 09 Jun 08:16:10.336 # Creating Server TCP listening socket *:6379: bind: Address already in use
18719:C 13 Jun 09:29:15.300 # Warning: no config file specified, using the default config. In order to specify a config file use redis-server /path/to/redis.conf
18719:M 13 Jun 09:29:15.301 * Increased maximum number of open files to 10032 (it was originally set to 1024).
                _._                                                  
           _.-``__ ''-._                                             
      _.-``    `.  `_.  ''-._           Redis 3.0.1 (00000000/0) 64 bit
  .-`` .-```.  ```\/    _.,_ ''-._                                   
 (    '      ,       .-`  | `,    )     Running in standalone mode
 |`-._`-...-` __...-.``-._|'` _.-'|     Port: 6379
 |    `-._   `._    /     _.-'    |     PID: 18719
  `-._    `-._  `-./  _.-'    _.-'                                   
 |`-._`-._    `-.__.-'    _.-'_.-'|                                  
 |    `-._`-._        _.-'_.-'    |           http://redis.io        
  `-._    `-._`-.__.-'_.-'    _.-'                                   
 |`-._`-._    `-.__.-'    _.-'_.-'|                                  
 |    `-._`-._        _.-'_.-'    |                                  
  `-._    `-._`-.__.-'_.-'    _.-'                                   
      `-._    `-.__.-'    _.-'                                       
          `-._        _.-'                                           
              `-.__.-'                                               

18719:M 13 Jun 09:29:15.302 # Server started, Redis version 3.0.1
18719:M 13 Jun 09:29:15.302 # WARNING overcommit_memory is set to 0! Background save may fail under low memory condition. To fix this issue add 'vm.overcommit_memory = 1' to /etc/sysctl.conf and then reboot or run the command 'sysctl vm.overcommit_memory=1' for this to take effect.
18719:M 13 Jun 09:29:15.302 # WARNING you have Transparent Huge Pages (THP) support enabled in your kernel. This will create latency and memory usage issues with Redis. To fix this issue run the command 'echo never > /sys/kernel/mm/transparent_hugepage/enabled' as root, and add it to your /etc/rc.local in order to retain the setting after a reboot. Redis must be restarted after THP is disabled.
18719:M 13 Jun 09:29:15.302 # WARNING: The TCP backlog setting of 511 cannot be enforced because /proc/sys/net/core/somaxconn is set to the lower value of 128.
18719:M 13 Jun 09:29:15.302 * The server is now ready to accept connections on port 6379
18719:signal-handler (1434158968) Received SIGINT scheduling shutdown...
18719:M 13 Jun 09:29:28.329 # User requested shutdown...
18719:M 13 Jun 09:29:28.329 * Saving the final RDB snapshot before exiting.
18719:M 13 Jun 09:29:28.348 * DB saved on disk
18719:M 13 Jun 09:29:28.348 # Redis is now ready to exit, bye bye...
18730:C 13 Jun 09:29:56.828 # Warning: no config file specified, using the default config. In order to specify a config file use redis-server /path/to/redis.conf
18730:M 13 Jun 09:29:56.829 * Increased maximum number of open files to 10032 (it was originally set to 1024).
                _._                                                  
           _.-``__ ''-._                                             
      _.-``    `.  `_.  ''-._           Redis 3.0.1 (00000000/0) 64 bit
  .-`` .-```.  ```\/    _.,_ ''-._                                   
 (    '      ,       .-`  | `,    )     Running in standalone mode
 |`-._`-...-` __...-.``-._|'` _.-'|     Port: 6379
 |    `-._   `._    /     _.-'    |     PID: 18730
  `-._    `-._  `-./  _.-'    _.-'                                   
 |`-._`-._    `-.__.-'    _.-'_.-'|                                  
 |    `-._`-._        _.-'_.-'    |           http://redis.io        
  `-._    `-._`-.__.-'_.-'    _.-'                                   
 |`-._`-._    `-.__.-'    _.-'_.-'|                                  
 |    `-._`-._        _.-'_.-'    |                                  
  `-._    `-._`-.__.-'_.-'    _.-'                                   
      `-._    `-.__.-'    _.-'                                       
          `-._        _.-'                                           
              `-.__.-'                                               

18730:M 13 Jun 09:29:56.829 # Server started, Redis version 3.0.1
18730:M 13 Jun 09:29:56.829 # WARNING overcommit_memory is set to 0! Background save may fail under low memory condition. To fix this issue add 'vm.overcommit_memory = 1' to /etc/sysctl.conf and then reboot or run the command 'sysctl vm.overcommit_memory=1' for this to take effect.
18730:M 13 Jun 09:29:56.829 # WARNING you have Transparent Huge Pages (THP) support enabled in your kernel. This will create latency and memory usage issues with Redis. To fix this issue run the command 'echo never > /sys/kernel/mm/transparent_hugepage/enabled' as root, and add it to your /etc/rc.local in order to retain the setting after a reboot. Redis must be restarted after THP is disabled.
18730:M 13 Jun 09:29:56.829 # WARNING: The TCP backlog setting of 511 cannot be enforced because /proc/sys/net/core/somaxconn is set to the lower value of 128.
18730:M 13 Jun 09:29:56.829 * DB loaded from disk: 0.000 seconds
18730:M 13 Jun 09:29:56.829 * The server is now ready to accept connections on port 6379
18730:M 13 Jun 09:32:38.600 * DB saved on disk
18730:M 13 Jun 09:37:39.057 * 100 changes in 300 seconds. Saving...
18730:M 13 Jun 09:37:39.059 * Background saving started by pid 18836
18836:C 13 Jun 09:37:39.080 * DB saved on disk
18836:C 13 Jun 09:37:39.080 * RDB: 6 MB of memory used by copy-on-write
18730:M 13 Jun 09:37:39.159 * Background saving terminated with success
18730:M 13 Jun 10:37:40.021 * 1 changes in 3600 seconds. Saving...
18730:M 13 Jun 10:37:40.023 * Background saving started by pid 23172
23172:C 13 Jun 10:37:40.043 * DB saved on disk
23172:C 13 Jun 10:37:40.043 * RDB: 4 MB of memory used by copy-on-write
18730:M 13 Jun 10:37:40.123 * Background saving terminated with success
18730:M 13 Jun 11:37:41.062 * 1 changes in 3600 seconds. Saving...
18730:M 13 Jun 11:37:41.063 * Background saving started by pid 24606
24606:C 13 Jun 11:37:41.086 * DB saved on disk
24606:C 13 Jun 11:37:41.087 * RDB: 4 MB of memory used by copy-on-write
18730:M 13 Jun 11:37:41.164 * Background saving terminated with success
18730:M 13 Jun 14:32:09.601 * 1 changes in 3600 seconds. Saving...
18730:M 13 Jun 14:32:09.604 * Background saving started by pid 24888
24888:C 13 Jun 14:32:09.622 * DB saved on disk
24888:C 13 Jun 14:32:09.622 * RDB: 4 MB of memory used by copy-on-write
18730:M 13 Jun 14:32:09.704 * Background saving terminated with success
18730:M 13 Jun 15:32:10.086 * 1 changes in 3600 seconds. Saving...
18730:M 13 Jun 15:32:10.087 * Background saving started by pid 25569
25569:C 13 Jun 15:32:10.108 * DB saved on disk
25569:C 13 Jun 15:32:10.109 * RDB: 4 MB of memory used by copy-on-write
18730:M 13 Jun 15:32:10.187 * Background saving terminated with success
18730:M 13 Jun 20:55:10.596 * 1 changes in 3600 seconds. Saving...
18730:M 13 Jun 20:55:10.601 * Background saving started by pid 31967
31967:C 13 Jun 20:55:10.609 * DB saved on disk
31967:C 13 Jun 20:55:10.609 * RDB: 4 MB of memory used by copy-on-write
18730:M 13 Jun 20:55:10.701 * Background saving terminated with success
18730:M 13 Jun 21:06:14.712 * DB saved on disk
18730:M 13 Jun 21:11:15.103 * 100 changes in 300 seconds. Saving...
18730:M 13 Jun 21:11:15.104 * Background saving started by pid 32104
32104:C 13 Jun 21:11:15.129 * DB saved on disk
32104:C 13 Jun 21:11:15.130 * RDB: 4 MB of memory used by copy-on-write
18730:M 13 Jun 21:11:15.204 * Background saving terminated with success
2142:C 14 Jun 09:47:06.750 # Warning: no config file specified, using the default config. In order to specify a config file use redis-server /path/to/redis.conf
2142:M 14 Jun 09:47:06.751 * Increased maximum number of open files to 10032 (it was originally set to 1024).
                _._                                                  
           _.-``__ ''-._                                             
      _.-``    `.  `_.  ''-._           Redis 3.0.1 (00000000/0) 64 bit
  .-`` .-```.  ```\/    _.,_ ''-._                                   
 (    '      ,       .-`  | `,    )     Running in standalone mode
 |`-._`-...-` __...-.``-._|'` _.-'|     Port: 6379
 |    `-._   `._    /     _.-'    |     PID: 2142
  `-._    `-._  `-./  _.-'    _.-'                                   
 |`-._`-._    `-.__.-'    _.-'_.-'|                                  
 |    `-._`-._        _.-'_.-'    |           http://redis.io        
  `-._    `-._`-.__.-'_.-'    _.-'                                   
 |`-._`-._    `-.__.-'    _.-'_.-'|                                  
 |    `-._`-._        _.-'_.-'    |                                  
  `-._    `-._`-.__.-'_.-'    _.-'                                   
      `-._    `-.__.-'    _.-'                                       
          `-._        _.-'                                           
              `-.__.-'                                               

2142:M 14 Jun 09:47:06.752 # Server started, Redis version 3.0.1
2142:M 14 Jun 09:47:06.753 # WARNING overcommit_memory is set to 0! Background save may fail under low memory condition. To fix this issue add 'vm.overcommit_memory = 1' to /etc/sysctl.conf and then reboot or run the command 'sysctl vm.overcommit_memory=1' for this to take effect.
2142:M 14 Jun 09:47:06.753 # WARNING you have Transparent Huge Pages (THP) support enabled in your kernel. This will create latency and memory usage issues with Redis. To fix this issue run the command 'echo never > /sys/kernel/mm/transparent_hugepage/enabled' as root, and add it to your /etc/rc.local in order to retain the setting after a reboot. Redis must be restarted after THP is disabled.
2142:M 14 Jun 09:47:06.753 # WARNING: The TCP backlog setting of 511 cannot be enforced because /proc/sys/net/core/somaxconn is set to the lower value of 128.
2142:M 14 Jun 09:47:06.753 * DB loaded from disk: 0.000 seconds
2142:M 14 Jun 09:47:06.753 * The server is now ready to accept connections on port 6379
2142:M 14 Jun 10:47:07.024 * 1 changes in 3600 seconds. Saving...
2142:M 14 Jun 10:47:07.026 * Background saving started by pid 2904
2904:C 14 Jun 10:47:07.047 * DB saved on disk
2904:C 14 Jun 10:47:07.048 * RDB: 6 MB of memory used by copy-on-write
2142:M 14 Jun 10:47:07.126 * Background saving terminated with success
2142:M 14 Jun 11:47:08.103 * 1 changes in 3600 seconds. Saving...
2142:M 14 Jun 11:47:08.105 * Background saving started by pid 3574
3574:C 14 Jun 11:47:08.127 * DB saved on disk
3574:C 14 Jun 11:47:08.128 * RDB: 6 MB of memory used by copy-on-write
2142:M 14 Jun 11:47:08.206 * Background saving terminated with success
2142:M 14 Jun 14:36:30.420 * 1 changes in 3600 seconds. Saving...
2142:M 14 Jun 14:36:30.422 * Background saving started by pid 4141
4141:C 14 Jun 14:36:30.432 * DB saved on disk
4141:C 14 Jun 14:36:30.433 * RDB: 6 MB of memory used by copy-on-write
2142:M 14 Jun 14:36:30.523 * Background saving terminated with success
2142:M 14 Jun 15:36:31.008 * 1 changes in 3600 seconds. Saving...
2142:M 14 Jun 15:36:31.009 * Background saving started by pid 8128
8128:C 14 Jun 15:36:31.027 * DB saved on disk
8128:C 14 Jun 15:36:31.028 * RDB: 6 MB of memory used by copy-on-write
2142:M 14 Jun 15:36:31.109 * Background saving terminated with success
2142:M 14 Jun 16:15:28.969 * DB saved on disk
2142:M 14 Jun 16:20:29.026 * 100 changes in 300 seconds. Saving...
2142:M 14 Jun 16:20:29.027 * Background saving started by pid 14311
14311:C 14 Jun 16:20:29.048 * DB saved on disk
14311:C 14 Jun 16:20:29.048 * RDB: 6 MB of memory used by copy-on-write
2142:M 14 Jun 16:20:29.129 * Background saving terminated with success
2142:M 14 Jun 17:20:30.091 * 1 changes in 3600 seconds. Saving...
2142:M 14 Jun 17:20:30.092 * Background saving started by pid 15163
15163:C 14 Jun 17:20:30.101 * DB saved on disk
15163:C 14 Jun 17:20:30.101 * RDB: 6 MB of memory used by copy-on-write
2142:M 14 Jun 17:20:30.192 * Background saving terminated with success
2142:M 14 Jun 18:20:31.005 * 1 changes in 3600 seconds. Saving...
2142:M 14 Jun 18:20:31.006 * Background saving started by pid 15728
15728:C 14 Jun 18:20:31.030 * DB saved on disk
15728:C 14 Jun 18:20:31.031 * RDB: 6 MB of memory used by copy-on-write
2142:M 14 Jun 18:20:31.107 * Background saving terminated with success
2142:M 14 Jun 19:20:32.052 * 1 changes in 3600 seconds. Saving...
2142:M 14 Jun 19:20:32.053 * Background saving started by pid 16224
16224:C 14 Jun 19:20:32.079 * DB saved on disk
16224:C 14 Jun 19:20:32.080 * RDB: 6 MB of memory used by copy-on-write
2142:M 14 Jun 19:20:32.155 * Background saving terminated with success
2142:M 14 Jun 19:49:18.488 * 100 changes in 300 seconds. Saving...
2142:M 14 Jun 19:49:18.489 * Background saving started by pid 16487
16487:C 14 Jun 19:49:18.495 * DB saved on disk
16487:C 14 Jun 19:49:18.495 * RDB: 4 MB of memory used by copy-on-write
2142:M 14 Jun 19:49:18.589 * Background saving terminated with success
2142:M 14 Jun 20:43:14.500 * DB saved on disk
2142:M 14 Jun 20:48:15.067 * 100 changes in 300 seconds. Saving...
2142:M 14 Jun 20:48:15.069 * Background saving started by pid 17783
17783:C 14 Jun 20:48:15.077 * DB saved on disk
17783:C 14 Jun 20:48:15.077 * RDB: 4 MB of memory used by copy-on-write
2142:M 14 Jun 20:48:15.170 * Background saving terminated with success
2142:M 14 Jun 21:48:16.074 * 1 changes in 3600 seconds. Saving...
2142:M 14 Jun 21:48:16.074 * Background saving started by pid 18385
18385:C 14 Jun 21:48:16.094 * DB saved on disk
18385:C 14 Jun 21:48:16.094 * RDB: 4 MB of memory used by copy-on-write
2142:M 14 Jun 21:48:16.174 * Background saving terminated with success
2142:M 14 Jun 21:49:45.958 * DB saved on disk
2142:M 14 Jun 21:54:46.065 * 100 changes in 300 seconds. Saving...
2142:M 14 Jun 21:54:46.067 * Background saving started by pid 18444
18444:C 14 Jun 21:54:46.088 * DB saved on disk
18444:C 14 Jun 21:54:46.089 * RDB: 4 MB of memory used by copy-on-write
2142:M 14 Jun 21:54:46.168 * Background saving terminated with success
2142:M 14 Jun 21:56:42.069 * DB saved on disk
2142:M 14 Jun 22:01:43.099 * 100 changes in 300 seconds. Saving...
2142:M 14 Jun 22:01:43.101 * Background saving started by pid 18533
18533:C 14 Jun 22:01:43.123 * DB saved on disk
18533:C 14 Jun 22:01:43.124 * RDB: 4 MB of memory used by copy-on-write
2142:M 14 Jun 22:01:43.201 * Background saving terminated with success
2142:M 14 Jun 22:13:02.712 * DB saved on disk
2142:M 14 Jun 22:18:03.020 * 100 changes in 300 seconds. Saving...
2142:M 14 Jun 22:18:03.021 * Background saving started by pid 27895
27895:C 14 Jun 22:18:03.043 * DB saved on disk
27895:C 14 Jun 22:18:03.044 * RDB: 4 MB of memory used by copy-on-write
2142:M 14 Jun 22:18:03.121 * Background saving terminated with success
2142:signal-handler (1434291867) Received SIGTERM scheduling shutdown...
2142:M 14 Jun 22:24:27.599 # User requested shutdown...
2142:M 14 Jun 22:24:27.599 * Saving the final RDB snapshot before exiting.
2142:M 14 Jun 22:24:27.608 * DB saved on disk
2142:M 14 Jun 22:24:27.608 # Redis is now ready to exit, bye bye...
2638:C 15 Jun 08:14:26.009 # Warning: no config file specified, using the default config. In order to specify a config file use redis-server /path/to/redis.conf
2638:M 15 Jun 08:14:26.010 * Increased maximum number of open files to 10032 (it was originally set to 1024).
                _._                                                  
           _.-``__ ''-._                                             
      _.-``    `.  `_.  ''-._           Redis 3.0.1 (00000000/0) 64 bit
  .-`` .-```.  ```\/    _.,_ ''-._                                   
 (    '      ,       .-`  | `,    )     Running in standalone mode
 |`-._`-...-` __...-.``-._|'` _.-'|     Port: 6379
 |    `-._   `._    /     _.-'    |     PID: 2638
  `-._    `-._  `-./  _.-'    _.-'                                   
 |`-._`-._    `-.__.-'    _.-'_.-'|                                  
 |    `-._`-._        _.-'_.-'    |           http://redis.io        
  `-._    `-._`-.__.-'_.-'    _.-'                                   
 |`-._`-._    `-.__.-'    _.-'_.-'|                                  
 |    `-._`-._        _.-'_.-'    |                                  
  `-._    `-._`-.__.-'_.-'    _.-'                                   
      `-._    `-.__.-'    _.-'                                       
          `-._        _.-'                                           
              `-.__.-'                                               

2638:M 15 Jun 08:14:26.011 # Server started, Redis version 3.0.1
2638:M 15 Jun 08:14:26.011 # WARNING overcommit_memory is set to 0! Background save may fail under low memory condition. To fix this issue add 'vm.overcommit_memory = 1' to /etc/sysctl.conf and then reboot or run the command 'sysctl vm.overcommit_memory=1' for this to take effect.
2638:M 15 Jun 08:14:26.011 # WARNING you have Transparent Huge Pages (THP) support enabled in your kernel. This will create latency and memory usage issues with Redis. To fix this issue run the command 'echo never > /sys/kernel/mm/transparent_hugepage/enabled' as root, and add it to your /etc/rc.local in order to retain the setting after a reboot. Redis must be restarted after THP is disabled.
2638:M 15 Jun 08:14:26.011 # WARNING: The TCP backlog setting of 511 cannot be enforced because /proc/sys/net/core/somaxconn is set to the lower value of 128.
2638:M 15 Jun 08:14:26.011 * DB loaded from disk: 0.000 seconds
2638:M 15 Jun 08:14:26.011 * The server is now ready to accept connections on port 6379
2638:M 15 Jun 08:49:09.750 * DB saved on disk
2638:M 15 Jun 08:54:10.034 * 100 changes in 300 seconds. Saving...
2638:M 15 Jun 08:54:10.035 * Background saving started by pid 3370
3370:C 15 Jun 08:54:10.056 * DB saved on disk
3370:C 15 Jun 08:54:10.056 * RDB: 6 MB of memory used by copy-on-write
2638:M 15 Jun 08:54:10.135 * Background saving terminated with success
2638:M 15 Jun 09:54:11.019 * 1 changes in 3600 seconds. Saving...
2638:M 15 Jun 09:54:11.020 * Background saving started by pid 3767
3767:C 15 Jun 09:54:11.039 * DB saved on disk
3767:C 15 Jun 09:54:11.040 * RDB: 4 MB of memory used by copy-on-write
2638:M 15 Jun 09:54:11.120 * Background saving terminated with success
2638:M 15 Jun 09:58:41.465 * DB saved on disk
2638:M 15 Jun 10:03:42.049 * 100 changes in 300 seconds. Saving...
2638:M 15 Jun 10:03:42.050 * Background saving started by pid 3854
3854:C 15 Jun 10:03:42.069 * DB saved on disk
3854:C 15 Jun 10:03:42.070 * RDB: 4 MB of memory used by copy-on-write
2638:M 15 Jun 10:03:42.150 * Background saving terminated with success
2638:M 15 Jun 10:35:02.567 * 100 changes in 300 seconds. Saving...
2638:M 15 Jun 10:35:02.568 * Background saving started by pid 4545
4545:C 15 Jun 10:35:02.587 * DB saved on disk
4545:C 15 Jun 10:35:02.587 * RDB: 4 MB of memory used by copy-on-write
2638:M 15 Jun 10:35:02.668 * Background saving terminated with success
2638:M 15 Jun 10:40:03.025 * 100 changes in 300 seconds. Saving...
2638:M 15 Jun 10:40:03.026 * Background saving started by pid 4552
4552:C 15 Jun 10:40:03.047 * DB saved on disk
4552:C 15 Jun 10:40:03.048 * RDB: 4 MB of memory used by copy-on-write
2638:M 15 Jun 10:40:03.126 * Background saving terminated with success
2638:M 15 Jun 10:45:04.064 * 100 changes in 300 seconds. Saving...
2638:M 15 Jun 10:45:04.065 * Background saving started by pid 4631
4631:C 15 Jun 10:45:04.088 * DB saved on disk
4631:C 15 Jun 10:45:04.089 * RDB: 4 MB of memory used by copy-on-write
2638:M 15 Jun 10:45:04.166 * Background saving terminated with success
2638:M 15 Jun 10:50:05.036 * 100 changes in 300 seconds. Saving...
2638:M 15 Jun 10:50:05.038 * Background saving started by pid 4634
4634:C 15 Jun 10:50:05.061 * DB saved on disk
4634:C 15 Jun 10:50:05.061 * RDB: 4 MB of memory used by copy-on-write
2638:M 15 Jun 10:50:05.138 * Background saving terminated with success
2638:M 15 Jun 10:55:06.033 * 100 changes in 300 seconds. Saving...
2638:M 15 Jun 10:55:06.035 * Background saving started by pid 4732
4732:C 15 Jun 10:55:06.058 * DB saved on disk
4732:C 15 Jun 10:55:06.059 * RDB: 4 MB of memory used by copy-on-write
2638:M 15 Jun 10:55:06.135 * Background saving terminated with success
2638:M 15 Jun 11:00:07.010 * 100 changes in 300 seconds. Saving...
2638:M 15 Jun 11:00:07.012 * Background saving started by pid 4863
4863:C 15 Jun 11:00:07.033 * DB saved on disk
4863:C 15 Jun 11:00:07.033 * RDB: 4 MB of memory used by copy-on-write
2638:M 15 Jun 11:00:07.112 * Background saving terminated with success
2638:M 15 Jun 11:37:53.270 * 100 changes in 300 seconds. Saving...
2638:M 15 Jun 11:37:53.271 * Background saving started by pid 5938
5938:C 15 Jun 11:37:53.289 * DB saved on disk
5938:C 15 Jun 11:37:53.290 * RDB: 4 MB of memory used by copy-on-write
2638:M 15 Jun 11:37:53.371 * Background saving terminated with success
2638:M 15 Jun 12:37:54.039 * 1 changes in 3600 seconds. Saving...
2638:M 15 Jun 12:37:54.041 * Background saving started by pid 6574
6574:C 15 Jun 12:37:54.062 * DB saved on disk
6574:C 15 Jun 12:37:54.063 * RDB: 4 MB of memory used by copy-on-write
2638:M 15 Jun 12:37:54.141 * Background saving terminated with success
2638:M 15 Jun 13:19:52.925 * 100 changes in 300 seconds. Saving...
2638:M 15 Jun 13:19:52.926 * Background saving started by pid 6846
6846:C 15 Jun 13:19:52.945 * DB saved on disk
6846:C 15 Jun 13:19:52.945 * RDB: 4 MB of memory used by copy-on-write
2638:M 15 Jun 13:19:53.027 * Background saving terminated with success
2638:M 15 Jun 13:36:14.394 * 100 changes in 300 seconds. Saving...
2638:M 15 Jun 13:36:14.395 * Background saving started by pid 7249
7249:C 15 Jun 13:36:14.402 * DB saved on disk
7249:C 15 Jun 13:36:14.402 * RDB: 4 MB of memory used by copy-on-write
2638:M 15 Jun 13:36:14.495 * Background saving terminated with success
2638:M 15 Jun 13:56:24.537 * 100 changes in 300 seconds. Saving...
2638:M 15 Jun 13:56:24.538 * Background saving started by pid 7370
7370:C 15 Jun 13:56:24.560 * DB saved on disk
7370:C 15 Jun 13:56:24.561 * RDB: 4 MB of memory used by copy-on-write
2638:M 15 Jun 13:56:24.639 * Background saving terminated with success
2638:M 15 Jun 14:21:19.136 * 100 changes in 300 seconds. Saving...
2638:M 15 Jun 14:21:19.137 * Background saving started by pid 7868
7868:C 15 Jun 14:21:19.157 * DB saved on disk
7868:C 15 Jun 14:21:19.157 * RDB: 4 MB of memory used by copy-on-write
2638:M 15 Jun 14:21:19.237 * Background saving terminated with success
2638:M 15 Jun 14:48:01.677 * 100 changes in 300 seconds. Saving...
2638:M 15 Jun 14:48:01.678 * Background saving started by pid 8109
8109:C 15 Jun 14:48:01.685 * DB saved on disk
8109:C 15 Jun 14:48:01.686 * RDB: 4 MB of memory used by copy-on-write
2638:M 15 Jun 14:48:01.779 * Background saving terminated with success
2638:M 15 Jun 14:50:15.106 * DB saved on disk
2638:M 15 Jun 14:55:16.015 * 100 changes in 300 seconds. Saving...
2638:M 15 Jun 14:55:16.016 * Background saving started by pid 8156
8156:C 15 Jun 14:55:16.039 * DB saved on disk
8156:C 15 Jun 14:55:16.040 * RDB: 4 MB of memory used by copy-on-write
2638:M 15 Jun 14:55:16.117 * Background saving terminated with success
2638:M 15 Jun 15:10:30.921 * 100 changes in 300 seconds. Saving...
2638:M 15 Jun 15:10:30.922 * Background saving started by pid 8210
8210:C 15 Jun 15:10:30.942 * DB saved on disk
8210:C 15 Jun 15:10:30.942 * RDB: 4 MB of memory used by copy-on-write
2638:M 15 Jun 15:10:31.022 * Background saving terminated with success
2638:M 15 Jun 15:16:20.864 * 100 changes in 300 seconds. Saving...
2638:M 15 Jun 15:16:20.865 * Background saving started by pid 8214
8214:C 15 Jun 15:16:20.885 * DB saved on disk
8214:C 15 Jun 15:16:20.885 * RDB: 4 MB of memory used by copy-on-write
2638:M 15 Jun 15:16:20.965 * Background saving terminated with success
2638:M 15 Jun 15:23:49.160 * 100 changes in 300 seconds. Saving...
2638:M 15 Jun 15:23:49.161 * Background saving started by pid 8243
8243:C 15 Jun 15:23:49.180 * DB saved on disk
8243:C 15 Jun 15:23:49.180 * RDB: 4 MB of memory used by copy-on-write
2638:M 15 Jun 15:23:49.262 * Background saving terminated with success
2638:M 15 Jun 15:38:27.666 * 100 changes in 300 seconds. Saving...
2638:M 15 Jun 15:38:27.667 * Background saving started by pid 8283
8283:C 15 Jun 15:38:27.691 * DB saved on disk
8283:C 15 Jun 15:38:27.691 * RDB: 4 MB of memory used by copy-on-write
2638:M 15 Jun 15:38:27.779 * Background saving terminated with success
2638:M 15 Jun 15:54:15.811 * 100 changes in 300 seconds. Saving...
2638:M 15 Jun 15:54:15.812 * Background saving started by pid 8326
8326:C 15 Jun 15:54:15.831 * DB saved on disk
8326:C 15 Jun 15:54:15.831 * RDB: 4 MB of memory used by copy-on-write
2638:M 15 Jun 15:54:15.912 * Background saving terminated with success
2638:M 15 Jun 15:59:16.092 * 100 changes in 300 seconds. Saving...
2638:M 15 Jun 15:59:16.093 * Background saving started by pid 8330
8330:C 15 Jun 15:59:16.115 * DB saved on disk
8330:C 15 Jun 15:59:16.115 * RDB: 4 MB of memory used by copy-on-write
2638:M 15 Jun 15:59:16.193 * Background saving terminated with success
2638:M 15 Jun 16:25:22.033 * 100 changes in 300 seconds. Saving...
2638:M 15 Jun 16:25:22.035 * Background saving started by pid 8354
8354:C 15 Jun 16:25:22.058 * DB saved on disk
8354:C 15 Jun 16:25:22.058 * RDB: 4 MB of memory used by copy-on-write
2638:M 15 Jun 16:25:22.136 * Background saving terminated with success
2638:M 15 Jun 16:44:13.529 * 100 changes in 300 seconds. Saving...
2638:M 15 Jun 16:44:13.530 * Background saving started by pid 8365
8365:C 15 Jun 16:44:13.550 * DB saved on disk
8365:C 15 Jun 16:44:13.550 * RDB: 4 MB of memory used by copy-on-write
2638:M 15 Jun 16:44:13.630 * Background saving terminated with success
2638:M 15 Jun 17:44:14.058 * 1 changes in 3600 seconds. Saving...
2638:M 15 Jun 17:44:14.060 * Background saving started by pid 8625
8625:C 15 Jun 17:44:14.083 * DB saved on disk
8625:C 15 Jun 17:44:14.083 * RDB: 4 MB of memory used by copy-on-write
2638:M 15 Jun 17:44:14.160 * Background saving terminated with success
2638:M 16 Jun 08:06:50.452 * 1 changes in 3600 seconds. Saving...
2638:M 16 Jun 08:06:50.453 * Background saving started by pid 9212
9212:C 16 Jun 08:06:50.471 * DB saved on disk
9212:C 16 Jun 08:06:50.471 * RDB: 4 MB of memory used by copy-on-write
2638:M 16 Jun 08:06:50.553 * Background saving terminated with success
2638:M 16 Jun 09:06:51.080 * 1 changes in 3600 seconds. Saving...
2638:M 16 Jun 09:06:51.081 * Background saving started by pid 1234
1234:C 16 Jun 09:06:51.103 * DB saved on disk
1234:C 16 Jun 09:06:51.103 * RDB: 4 MB of memory used by copy-on-write
2638:M 16 Jun 09:06:51.181 * Background saving terminated with success
2638:M 16 Jun 09:34:35.994 * 100 changes in 300 seconds. Saving...
2638:M 16 Jun 09:34:35.995 * Background saving started by pid 1737
1737:C 16 Jun 09:34:36.015 * DB saved on disk
1737:C 16 Jun 09:34:36.016 * RDB: 4 MB of memory used by copy-on-write
2638:M 16 Jun 09:34:36.096 * Background saving terminated with success
2638:M 16 Jun 09:55:52.171 * 100 changes in 300 seconds. Saving...
2638:M 16 Jun 09:55:52.176 * Background saving started by pid 1961
1961:C 16 Jun 09:55:52.186 * DB saved on disk
1961:C 16 Jun 09:55:52.186 * RDB: 4 MB of memory used by copy-on-write
2638:M 16 Jun 09:55:52.276 * Background saving terminated with success
2638:M 16 Jun 10:19:48.322 * 100 changes in 300 seconds. Saving...
2638:M 16 Jun 10:19:48.324 * Background saving started by pid 2103
2103:C 16 Jun 10:19:48.346 * DB saved on disk
2103:C 16 Jun 10:19:48.346 * RDB: 4 MB of memory used by copy-on-write
2638:M 16 Jun 10:19:48.424 * Background saving terminated with success
2638:M 16 Jun 10:35:01.193 * 100 changes in 300 seconds. Saving...
2638:M 16 Jun 10:35:01.201 * Background saving started by pid 2717
2717:C 16 Jun 10:35:01.223 * DB saved on disk
2717:C 16 Jun 10:35:01.223 * RDB: 4 MB of memory used by copy-on-write
2638:M 16 Jun 10:35:01.301 * Background saving terminated with success
2638:signal-handler (1434423456) Received SIGTERM scheduling shutdown...
2638:M 16 Jun 10:57:36.452 # User requested shutdown...
2638:M 16 Jun 10:57:36.452 * Saving the final RDB snapshot before exiting.
2638:M 16 Jun 10:57:36.549 * DB saved on disk
2638:M 16 Jun 10:57:36.549 # Redis is now ready to exit, bye bye...
3870:C 19 Jun 08:29:16.928 # Warning: no config file specified, using the default config. In order to specify a config file use redis-server /path/to/redis.conf
3870:M 19 Jun 08:29:16.928 * Increased maximum number of open files to 10032 (it was originally set to 1024).
                _._                                                  
           _.-``__ ''-._                                             
      _.-``    `.  `_.  ''-._           Redis 3.0.1 (00000000/0) 64 bit
  .-`` .-```.  ```\/    _.,_ ''-._                                   
 (    '      ,       .-`  | `,    )     Running in standalone mode
 |`-._`-...-` __...-.``-._|'` _.-'|     Port: 6379
 |    `-._   `._    /     _.-'    |     PID: 3870
  `-._    `-._  `-./  _.-'    _.-'                                   
 |`-._`-._    `-.__.-'    _.-'_.-'|                                  
 |    `-._`-._        _.-'_.-'    |           http://redis.io        
  `-._    `-._`-.__.-'_.-'    _.-'                                   
 |`-._`-._    `-.__.-'    _.-'_.-'|                                  
 |    `-._`-._        _.-'_.-'    |                                  
  `-._    `-._`-.__.-'_.-'    _.-'                                   
      `-._    `-.__.-'    _.-'                                       
          `-._        _.-'                                           
              `-.__.-'                                               

3870:M 19 Jun 08:29:16.929 # Server started, Redis version 3.0.1
3870:M 19 Jun 08:29:16.929 # WARNING overcommit_memory is set to 0! Background save may fail under low memory condition. To fix this issue add 'vm.overcommit_memory = 1' to /etc/sysctl.conf and then reboot or run the command 'sysctl vm.overcommit_memory=1' for this to take effect.
3870:M 19 Jun 08:29:16.929 # WARNING you have Transparent Huge Pages (THP) support enabled in your kernel. This will create latency and memory usage issues with Redis. To fix this issue run the command 'echo never > /sys/kernel/mm/transparent_hugepage/enabled' as root, and add it to your /etc/rc.local in order to retain the setting after a reboot. Redis must be restarted after THP is disabled.
3870:M 19 Jun 08:29:16.929 # WARNING: The TCP backlog setting of 511 cannot be enforced because /proc/sys/net/core/somaxconn is set to the lower value of 128.
3870:M 19 Jun 08:29:16.930 * DB loaded from disk: 0.001 seconds
3870:M 19 Jun 08:29:16.930 * The server is now ready to accept connections on port 6379
3870:signal-handler (1434673817) Received SIGINT scheduling shutdown...
3870:M 19 Jun 08:30:17.451 # User requested shutdown...
3870:M 19 Jun 08:30:17.451 * Saving the final RDB snapshot before exiting.
3870:M 19 Jun 08:30:17.470 * DB saved on disk
3870:M 19 Jun 08:30:17.470 # Redis is now ready to exit, bye bye...
3948:C 19 Jun 08:30:22.406 # Warning: no config file specified, using the default config. In order to specify a config file use redis-server /path/to/redis.conf
3948:M 19 Jun 08:30:22.407 * Increased maximum number of open files to 10032 (it was originally set to 1024).
                _._                                                  
           _.-``__ ''-._                                             
      _.-``    `.  `_.  ''-._           Redis 3.0.1 (00000000/0) 64 bit
  .-`` .-```.  ```\/    _.,_ ''-._                                   
 (    '      ,       .-`  | `,    )     Running in standalone mode
 |`-._`-...-` __...-.``-._|'` _.-'|     Port: 6379
 |    `-._   `._    /     _.-'    |     PID: 3948
  `-._    `-._  `-./  _.-'    _.-'                                   
 |`-._`-._    `-.__.-'    _.-'_.-'|                                  
 |    `-._`-._        _.-'_.-'    |           http://redis.io        
  `-._    `-._`-.__.-'_.-'    _.-'                                   
 |`-._`-._    `-.__.-'    _.-'_.-'|                                  
 |    `-._`-._        _.-'_.-'    |                                  
  `-._    `-._`-.__.-'_.-'    _.-'                                   
      `-._    `-.__.-'    _.-'                                       
          `-._        _.-'                                           
              `-.__.-'                                               

3948:M 19 Jun 08:30:22.408 # Server started, Redis version 3.0.1
3948:M 19 Jun 08:30:22.408 # WARNING overcommit_memory is set to 0! Background save may fail under low memory condition. To fix this issue add 'vm.overcommit_memory = 1' to /etc/sysctl.conf and then reboot or run the command 'sysctl vm.overcommit_memory=1' for this to take effect.
3948:M 19 Jun 08:30:22.408 # WARNING you have Transparent Huge Pages (THP) support enabled in your kernel. This will create latency and memory usage issues with Redis. To fix this issue run the command 'echo never > /sys/kernel/mm/transparent_hugepage/enabled' as root, and add it to your /etc/rc.local in order to retain the setting after a reboot. Redis must be restarted after THP is disabled.
3948:M 19 Jun 08:30:22.408 # WARNING: The TCP backlog setting of 511 cannot be enforced because /proc/sys/net/core/somaxconn is set to the lower value of 128.
3948:M 19 Jun 08:30:22.408 * DB loaded from disk: 0.000 seconds
3948:M 19 Jun 08:30:22.408 * The server is now ready to accept connections on port 6379
3948:M 19 Jun 09:30:23.022 * 1 changes in 3600 seconds. Saving...
3948:M 19 Jun 09:30:23.024 * Background saving started by pid 15719
15719:C 19 Jun 09:30:23.035 * DB saved on disk
15719:C 19 Jun 09:30:23.035 * RDB: 6 MB of memory used by copy-on-write
3948:M 19 Jun 09:30:23.124 * Background saving terminated with success
3948:M 19 Jun 10:30:24.008 * 1 changes in 3600 seconds. Saving...
3948:M 19 Jun 10:30:24.009 * Background saving started by pid 19696
19696:C 19 Jun 10:30:24.016 * DB saved on disk
19696:C 19 Jun 10:30:24.017 * RDB: 6 MB of memory used by copy-on-write
3948:M 19 Jun 10:30:24.110 * Background saving terminated with success
3948:M 19 Jun 11:30:25.025 * 1 changes in 3600 seconds. Saving...
3948:M 19 Jun 11:30:25.026 * Background saving started by pid 21821
21821:C 19 Jun 11:30:25.051 * DB saved on disk
21821:C 19 Jun 11:30:25.052 * RDB: 6 MB of memory used by copy-on-write
3948:M 19 Jun 11:30:25.127 * Background saving terminated with success
3948:M 19 Jun 11:48:59.519 * 100 changes in 300 seconds. Saving...
3948:M 19 Jun 11:48:59.520 * Background saving started by pid 22121
22121:C 19 Jun 11:48:59.540 * DB saved on disk
22121:C 19 Jun 11:48:59.541 * RDB: 6 MB of memory used by copy-on-write
3948:M 19 Jun 11:48:59.620 * Background saving terminated with success
3948:M 19 Jun 12:49:00.101 * 1 changes in 3600 seconds. Saving...
3948:M 19 Jun 12:49:00.102 * Background saving started by pid 22321
22321:C 19 Jun 12:49:00.126 * DB saved on disk
22321:C 19 Jun 12:49:00.127 * RDB: 6 MB of memory used by copy-on-write
3948:M 19 Jun 12:49:00.204 * Background saving terminated with success
3948:M 19 Jun 13:29:44.667 * 100 changes in 300 seconds. Saving...
3948:M 19 Jun 13:29:44.668 * Background saving started by pid 22621
22621:C 19 Jun 13:29:44.687 * DB saved on disk
22621:C 19 Jun 13:29:44.687 * RDB: 6 MB of memory used by copy-on-write
3948:M 19 Jun 13:29:44.768 * Background saving terminated with success
3948:M 19 Jun 13:57:37.799 * 100 changes in 300 seconds. Saving...
3948:M 19 Jun 13:57:37.800 * Background saving started by pid 22974
22974:C 19 Jun 13:57:37.820 * DB saved on disk
22974:C 19 Jun 13:57:37.820 * RDB: 6 MB of memory used by copy-on-write
3948:M 19 Jun 13:57:37.900 * Background saving terminated with success
3948:M 19 Jun 14:04:24.411 * 100 changes in 300 seconds. Saving...
3948:M 19 Jun 14:04:24.412 * Background saving started by pid 23211
23211:C 19 Jun 14:04:24.426 * DB saved on disk
23211:C 19 Jun 14:04:24.426 * RDB: 6 MB of memory used by copy-on-write
3948:M 19 Jun 14:04:24.512 * Background saving terminated with success
3948:M 19 Jun 15:03:09.124 * 100 changes in 300 seconds. Saving...
3948:M 19 Jun 15:03:09.127 * Background saving started by pid 24542
24542:C 19 Jun 15:03:09.138 * DB saved on disk
24542:C 19 Jun 15:03:09.139 * RDB: 6 MB of memory used by copy-on-write
3948:M 19 Jun 15:03:09.229 * Background saving terminated with success
3948:M 19 Jun 15:09:43.621 * 100 changes in 300 seconds. Saving...
3948:M 19 Jun 15:09:43.622 * Background saving started by pid 24714
24714:C 19 Jun 15:09:43.643 * DB saved on disk
24714:C 19 Jun 15:09:43.643 * RDB: 6 MB of memory used by copy-on-write
3948:M 19 Jun 15:09:43.722 * Background saving terminated with success
3948:M 19 Jun 16:09:44.026 * 1 changes in 3600 seconds. Saving...
3948:M 19 Jun 16:09:44.027 * Background saving started by pid 24810
24810:C 19 Jun 16:09:44.046 * DB saved on disk
24810:C 19 Jun 16:09:44.047 * RDB: 6 MB of memory used by copy-on-write
3948:M 19 Jun 16:09:44.128 * Background saving terminated with success
3948:M 19 Jun 17:09:45.090 * 1 changes in 3600 seconds. Saving...
3948:M 19 Jun 17:09:45.092 * Background saving started by pid 24935
24935:C 19 Jun 17:09:45.116 * DB saved on disk
24935:C 19 Jun 17:09:45.117 * RDB: 6 MB of memory used by copy-on-write
3948:M 19 Jun 17:09:45.192 * Background saving terminated with success
3948:M 20 Jun 10:30:29.599 * 1 changes in 3600 seconds. Saving...
3948:M 20 Jun 10:30:29.601 * Background saving started by pid 27573
27573:C 20 Jun 10:30:29.613 * DB saved on disk
27573:C 20 Jun 10:30:29.614 * RDB: 6 MB of memory used by copy-on-write
3948:M 20 Jun 10:30:29.701 * Background saving terminated with success
3948:M 20 Jun 10:47:08.596 * 100 changes in 300 seconds. Saving...
3948:M 20 Jun 10:47:08.596 * Background saving started by pid 27780
27780:C 20 Jun 10:47:08.616 * DB saved on disk
27780:C 20 Jun 10:47:08.617 * RDB: 2 MB of memory used by copy-on-write
3948:M 20 Jun 10:47:08.696 * Background saving terminated with success
3948:M 20 Jun 10:52:09.090 * 100 changes in 300 seconds. Saving...
3948:M 20 Jun 10:52:09.090 * Background saving started by pid 27843
27843:C 20 Jun 10:52:09.111 * DB saved on disk
27843:C 20 Jun 10:52:09.111 * RDB: 2 MB of memory used by copy-on-write
3948:M 20 Jun 10:52:09.190 * Background saving terminated with success
3948:M 20 Jun 11:09:33.469 * 100 changes in 300 seconds. Saving...
3948:M 20 Jun 11:09:33.469 * Background saving started by pid 28096
28096:C 20 Jun 11:09:33.477 * DB saved on disk
28096:C 20 Jun 11:09:33.478 * RDB: 2 MB of memory used by copy-on-write
3948:M 20 Jun 11:09:33.569 * Background saving terminated with success
3948:M 20 Jun 11:18:02.592 * 100 changes in 300 seconds. Saving...
3948:M 20 Jun 11:18:02.594 * Background saving started by pid 28309
28309:C 20 Jun 11:18:02.617 * DB saved on disk
28309:C 20 Jun 11:18:02.617 * RDB: 2 MB of memory used by copy-on-write
3948:M 20 Jun 11:18:02.694 * Background saving terminated with success
3948:signal-handler (1434771723) Received SIGTERM scheduling shutdown...
3948:M 20 Jun 11:42:03.478 # User requested shutdown...
3948:M 20 Jun 11:42:03.479 * Saving the final RDB snapshot before exiting.
3948:M 20 Jun 11:42:03.491 * DB saved on disk
3948:M 20 Jun 11:42:03.491 # Redis is now ready to exit, bye bye...
1974:C 25 Jun 14:09:32.176 # Warning: no config file specified, using the default config. In order to specify a config file use redis-server /path/to/redis.conf
1974:M 25 Jun 14:09:32.177 * Increased maximum number of open files to 10032 (it was originally set to 1024).
                _._                                                  
           _.-``__ ''-._                                             
      _.-``    `.  `_.  ''-._           Redis 3.0.1 (00000000/0) 64 bit
  .-`` .-```.  ```\/    _.,_ ''-._                                   
 (    '      ,       .-`  | `,    )     Running in standalone mode
 |`-._`-...-` __...-.``-._|'` _.-'|     Port: 6379
 |    `-._   `._    /     _.-'    |     PID: 1974
  `-._    `-._  `-./  _.-'    _.-'                                   
 |`-._`-._    `-.__.-'    _.-'_.-'|                                  
 |    `-._`-._        _.-'_.-'    |           http://redis.io        
  `-._    `-._`-.__.-'_.-'    _.-'                                   
 |`-._`-._    `-.__.-'    _.-'_.-'|                                  
 |    `-._`-._        _.-'_.-'    |                                  
  `-._    `-._`-.__.-'_.-'    _.-'                                   
      `-._    `-.__.-'    _.-'                                       
          `-._        _.-'                                           
              `-.__.-'                                               

1974:M 25 Jun 14:09:32.178 # Server started, Redis version 3.0.1
1974:M 25 Jun 14:09:32.178 # WARNING overcommit_memory is set to 0! Background save may fail under low memory condition. To fix this issue add 'vm.overcommit_memory = 1' to /etc/sysctl.conf and then reboot or run the command 'sysctl vm.overcommit_memory=1' for this to take effect.
1974:M 25 Jun 14:09:32.178 # WARNING you have Transparent Huge Pages (THP) support enabled in your kernel. This will create latency and memory usage issues with Redis. To fix this issue run the command 'echo never > /sys/kernel/mm/transparent_hugepage/enabled' as root, and add it to your /etc/rc.local in order to retain the setting after a reboot. Redis must be restarted after THP is disabled.
1974:M 25 Jun 14:09:32.178 # WARNING: The TCP backlog setting of 511 cannot be enforced because /proc/sys/net/core/somaxconn is set to the lower value of 128.
1974:M 25 Jun 14:09:32.179 * DB loaded from disk: 0.001 seconds
1974:M 25 Jun 14:09:32.179 * The server is now ready to accept connections on port 6379
1974:M 25 Jun 14:55:07.284 * DB saved on disk
1974:M 25 Jun 15:00:08.022 * 100 changes in 300 seconds. Saving...
1974:M 25 Jun 15:00:08.023 * Background saving started by pid 20262
20262:C 25 Jun 15:00:08.049 * DB saved on disk
20262:C 25 Jun 15:00:08.050 * RDB: 6 MB of memory used by copy-on-write
1974:M 25 Jun 15:00:08.123 * Background saving terminated with success

Running node-supervisor with
  program 'bin/www'
  --watch '.'
  --extensions 'node,js'
  --exec 'node'

Starting child process with 'node bin/www'
Watching directory '/home/nuc/SKFan' for changes.
[0mGET /coffee [36m302 [0m13.068 ms - 86[0m
[0mGET /account/signin [36m302 [0m3.897 ms - 58[0m
[0mGET / [36m302 [0m2.838 ms - 70[0m
[0mGET /coffee [32m200 [0m12.145 ms - 9991[0m
[0mGET /renders/bootstrap/css/bootstrap.min.css [36m304 [0m3.006 ms - -[0m
[0mGET /css/mainTmpl.css [32m200 [0m4.088 ms - 3203[0m
[0mGET /renders/hook/hook.css [36m304 [0m3.360 ms - -[0m
[0mGET /renders/angular/angular.min.js [36m304 [0m2.625 ms - -[0m
[0mGET /js/jquery-1.11.2.min.js [36m304 [0m7.097 ms - -[0m
[0mGET /renders/bootstrap/js/bootstrap.min.js [36m304 [0m3.169 ms - -[0m
[0mGET /js/main.js [36m304 [0m1.683 ms - -[0m
[0mGET /renders/hook/mousewheel.js [36m304 [0m3.989 ms - -[0m
[0mGET /renders/hook/hook.js [36m304 [0m2.533 ms - -[0m
[0mGET /js/coffee.js [32m200 [0m4.062 ms - 4283[0m
[0mGET /port/12345678/thumb [36m304 [0m4.094 ms - -[0m
[0mGET /renders/hook/hook-bgs.png [36m304 [0m2.041 ms - -[0m
[0mGET /renders/bootstrap/fonts/glyphicons-halflings-regular.woff2 [36m304 [0m1.676 ms - -[0m
[0mGET /dish/get/cur/1 [32m200 [0m13.091 ms - 1575[0m
[0mGET /image/Perrier/large [36m304 [0m3.264 ms - -[0m
[0mGET /image/Evian/large [36m304 [0m4.553 ms - -[0m
[0mGET /image/AmericanoBread/large [36m304 [0m3.221 ms - -[0m
[0mGET /image/Lemon%20Tea/large [36m304 [0m2.453 ms - -[0m
[0mGET /image/AmericanoSandwich/large [36m304 [0m8.066 ms - -[0m
[0mGET /image/Milk%20Tea%20Tiramisu/large [36m304 [0m6.526 ms - -[0m
[0mGET /image/HK%20Milk%20Tea/large [36m304 [0m5.190 ms - -[0m
[0mGET /image/Milk%20Tea/large [36m304 [0m4.720 ms - -[0m
[0mGET /image/Plain%20Yogurt/large [36m304 [0m4.648 ms - -[0m
[0mGET /image/Coffee%20Smoothies/large [36m304 [0m5.162 ms - -[0m
[0mGET /image/Mango%20Smoothies/large [36m304 [0m3.576 ms - -[0m
[0mGET /image/Matcha%20&%20Red%20Bean%20Smoothies/large [36m304 [0m2.865 ms - -[0m
[0mGET /image/Honey%20Pomelo%20Smoothies/large [36m304 [0m2.335 ms - -[0m
[0mGET /account/signout [36m302 [0m4.640 ms - 72[0m
[0mGET /account [36m302 [0m3.121 ms - 86[0m
[0mGET /account/signin [32m200 [0m2.818 ms - 2779[0m
[0mGET /renders/bootstrap/css/bootstrap.min.css [36m304 [0m1.547 ms - -[0m
[0mGET /css/cover.css [36m304 [0m1.419 ms - -[0m
[0mGET /css/signin.css [36m304 [0m1.178 ms - -[0m
[0mGET /js/jquery-1.11.2.min.js [36m304 [0m1.268 ms - -[0m
[0mGET /renders/bootstrap/js/bootstrap.min.js [36m304 [0m1.136 ms - -[0m
[0mGET / [36m302 [0m1.571 ms - 86[0m
[0mGET /account/signin?next=/kitchen [36m304 [0m4.746 ms - -[0m
[0mGET /renders/bootstrap/css/bootstrap.min.css [36m304 [0m1.348 ms - -[0m
[0mGET /css/cover.css [36m304 [0m1.137 ms - -[0m
[0mGET /css/signin.css [36m304 [0m1.248 ms - -[0m
[0mGET /js/jquery-1.11.2.min.js [36m304 [0m2.990 ms - -[0m
[0mGET /renders/bootstrap/js/bootstrap.min.js [36m304 [0m3.413 ms - -[0m
[0mGET /favicon.ico [36m302 [0m2.176 ms - 49[0m
[0mGET /account/signin [36m304 [0m2.270 ms - -[0m
1974:M 25 Jun 15:22:51.378 * 100 changes in 300 seconds. Saving...
1974:M 25 Jun 15:22:51.380 * Background saving started by pid 20783
20783:C 25 Jun 15:22:51.387 * DB saved on disk
20783:C 25 Jun 15:22:51.388 * RDB: 6 MB of memory used by copy-on-write
1974:M 25 Jun 15:22:51.480 * Background saving terminated with success
[0mGET / [36m302 [0m1.533 ms - 86[0m
[0mGET /account/signin [36m302 [0m1.406 ms - 58[0m
[0mGET / [36m302 [0m2.719 ms - 70[0m
[0mGET /coffee [36m304 [0m4.261 ms - -[0m
[0mGET /renders/bootstrap/css/bootstrap.min.css [36m304 [0m1.183 ms - -[0m
[0mGET /css/mainTmpl.css [36m304 [0m2.284 ms - -[0m
[0mGET /renders/hook/hook.css [36m304 [0m3.013 ms - -[0m
[0mGET /renders/angular/angular.min.js [36m304 [0m1.558 ms - -[0m
[0mGET /js/jquery-1.11.2.min.js [36m304 [0m1.617 ms - -[0m
[0mGET /renders/bootstrap/js/bootstrap.min.js [36m304 [0m1.634 ms - -[0m
[0mGET /js/main.js [36m304 [0m1.352 ms - -[0m
[0mGET /renders/hook/mousewheel.js [36m304 [0m0.976 ms - -[0m
[0mGET /renders/hook/hook.js [36m304 [0m2.651 ms - -[0m
[0mGET /js/coffee.js [36m304 [0m2.950 ms - -[0m
[0mGET /port/12345678/thumb [36m304 [0m2.009 ms - -[0m
[0mGET /renders/hook/hook-bgs.png [36m304 [0m1.045 ms - -[0m
[0mGET /renders/bootstrap/fonts/glyphicons-halflings-regular.woff2 [36m304 [0m1.214 ms - -[0m
[0mGET /dish/get/cur/1 [36m304 [0m4.729 ms - -[0m
[0mGET /image/Perrier/large [36m304 [0m1.556 ms - -[0m
[0mGET /image/Evian/large [36m304 [0m3.992 ms - -[0m
[0mGET /image/AmericanoBread/large [36m304 [0m3.766 ms - -[0m
[0mGET /image/AmericanoSandwich/large [36m304 [0m3.427 ms - -[0m
[0mGET /image/Lemon%20Tea/large [36m304 [0m3.125 ms - -[0m
[0mGET /image/Milk%20Tea%20Tiramisu/large [36m304 [0m3.202 ms - -[0m
[0mGET /image/Plain%20Yogurt/large [36m304 [0m1.323 ms - -[0m
[0mGET /image/Milk%20Tea/large [36m304 [0m7.583 ms - -[0m
[0mGET /image/Honey%20Pomelo%20Smoothies/large [36m304 [0m3.333 ms - -[0m
[0mGET /image/Coffee%20Smoothies/large [36m304 [0m3.095 ms - -[0m
[0mGET /image/Matcha%20&%20Red%20Bean%20Smoothies/large [36m304 [0m2.905 ms - -[0m
[0mGET /image/HK%20Milk%20Tea/large [36m304 [0m2.725 ms - -[0m
[0mGET /image/Mango%20Smoothies/large [36m304 [0m2.661 ms - -[0m
[0mGET /myorder [32m200 [0m16.243 ms - 10069[0m
[0mGET /renders/bootstrap/css/bootstrap.min.css [36m304 [0m3.339 ms - -[0m
[0mGET /css/mainTmpl.css [36m304 [0m2.537 ms - -[0m
[0mGET /renders/hook/hook.css [36m304 [0m1.834 ms - -[0m
[0mGET /renders/angular/angular.min.js [36m304 [0m2.631 ms - -[0m
[0mGET /js/jquery-1.11.2.min.js [36m304 [0m1.227 ms - -[0m
[0mGET /port/12345678/thumb [36m304 [0m2.927 ms - -[0m
[0mGET /renders/bootstrap/js/bootstrap.min.js [36m304 [0m1.096 ms - -[0m
[0mGET /js/main.js [36m304 [0m0.912 ms - -[0m
[0mGET /js/myorder.js [32m200 [0m3.474 ms - 1560[0m
[0mGET /renders/hook/hook-bgs.png [36m304 [0m1.395 ms - -[0m
[ '3', '3', '3', '4', '3', '3', '3', '3', '1' ]
[ '4', '9' ]
[0mGET /orderState [32m200 [0m11.809 ms - 8025[0m
[0mGET /renders/bootstrap/css/bootstrap.min.css [36m304 [0m3.868 ms - -[0m
[0mGET /css/mainTmpl.css [36m304 [0m3.440 ms - -[0m
[0mGET /renders/hook/hook.css [36m304 [0m4.552 ms - -[0m
[0mGET /renders/angular/angular.min.js [36m304 [0m4.280 ms - -[0m
[0mGET /js/jquery-1.11.2.min.js [36m304 [0m3.812 ms - -[0m
[0mGET /port/12345678/thumb [36m304 [0m4.875 ms - -[0m
[0mGET /renders/bootstrap/js/bootstrap.min.js [36m304 [0m1.367 ms - -[0m
[0mGET /js/main.js [36m304 [0m1.214 ms - -[0m
[0mGET /js/orderState.js [36m304 [0m0.882 ms - -[0m
[0mGET /image/Evian/small [36m304 [0m2.048 ms - -[0m
[0mGET /image/AmericanoBread/small [32m200 [0m1.998 ms - 5323[0m
[0mGET /renders/hook/hook-bgs.png [36m304 [0m1.112 ms - -[0m
check on
[0mGET /coffee [36m304 [0m11.939 ms - -[0m
[0mGET /renders/bootstrap/css/bootstrap.min.css [36m304 [0m1.737 ms - -[0m
[0mGET /css/mainTmpl.css [36m304 [0m2.635 ms - -[0m
[0mGET /renders/hook/hook.css [36m304 [0m2.373 ms - -[0m
[0mGET /renders/angular/angular.min.js [36m304 [0m2.763 ms - -[0m
[0mGET /js/jquery-1.11.2.min.js [36m304 [0m3.026 ms - -[0m
[0mGET /renders/bootstrap/js/bootstrap.min.js [36m304 [0m2.678 ms - -[0m
[0mGET /port/12345678/thumb [36m304 [0m5.106 ms - -[0m
[0mGET /js/main.js [36m304 [0m1.055 ms - -[0m
[0mGET /renders/hook/mousewheel.js [36m304 [0m0.901 ms - -[0m
[0mGET /renders/hook/hook.js [36m304 [0m0.957 ms - -[0m
[0mGET /js/coffee.js [36m304 [0m0.917 ms - -[0m
[0mGET /renders/hook/hook-bgs.png [36m304 [0m1.030 ms - -[0m
[0mGET /renders/bootstrap/fonts/glyphicons-halflings-regular.woff2 [36m304 [0m0.938 ms - -[0m
[0mGET /dish/get/cur/1 [36m304 [0m6.932 ms - -[0m
[0mGET /image/Perrier/large [36m304 [0m1.431 ms - -[0m
[0mGET /image/Evian/large [36m304 [0m1.047 ms - -[0m
[0mGET /image/AmericanoBread/large [36m304 [0m4.182 ms - -[0m
[0mGET /image/AmericanoSandwich/large [36m304 [0m2.916 ms - -[0m
[0mGET /image/Lemon%20Tea/large [36m304 [0m3.048 ms - -[0m
[0mGET /image/Milk%20Tea%20Tiramisu/large [36m304 [0m2.995 ms - -[0m
[0mGET /image/HK%20Milk%20Tea/large [36m304 [0m1.325 ms - -[0m
[0mGET /image/Milk%20Tea/large [36m304 [0m7.704 ms - -[0m
[0mGET /image/Plain%20Yogurt/large [36m304 [0m4.786 ms - -[0m
[0mGET /image/Coffee%20Smoothies/large [36m304 [0m8.087 ms - -[0m
[0mGET /image/Matcha%20&%20Red%20Bean%20Smoothies/large [36m304 [0m3.823 ms - -[0m
[0mGET /image/Honey%20Pomelo%20Smoothies/large [36m304 [0m3.447 ms - -[0m
[0mGET /image/Mango%20Smoothies/large [36m304 [0m3.346 ms - -[0m
[0mPOST /order/place [32m200 [0m38.372 ms - -[0m
[ '3', '3', '3', '4', '3', '3', '3', '3', '1', '1' ]
[ '4', '9', '10' ]
[0mGET /orderState [32m200 [0m15.872 ms - 8579[0m
[0mGET /renders/bootstrap/css/bootstrap.min.css [36m304 [0m0.914 ms - -[0m
[0mGET /css/mainTmpl.css [36m304 [0m0.663 ms - -[0m
[0mGET /renders/hook/hook.css [36m304 [0m2.096 ms - -[0m
[0mGET /renders/angular/angular.min.js [36m304 [0m3.395 ms - -[0m
[0mGET /js/jquery-1.11.2.min.js [36m304 [0m1.064 ms - -[0m
[0mGET /port/12345678/thumb [36m304 [0m2.397 ms - -[0m
[0mGET /renders/bootstrap/js/bootstrap.min.js [36m304 [0m1.939 ms - -[0m
[0mGET /js/main.js [36m304 [0m1.390 ms - -[0m
[0mGET /js/orderState.js [36m304 [0m0.830 ms - -[0m
[0mGET /image/Evian/small [36m304 [0m1.333 ms - -[0m
[0mGET /image/AmericanoBread/small [36m304 [0m1.488 ms - -[0m
[0mGET /image/Perrier/small [36m304 [0m1.715 ms - -[0m
[0mGET /renders/hook/hook-bgs.png [36m304 [0m1.486 ms - -[0m
check on
1974:M 25 Jun 15:58:07.306 * 100 changes in 300 seconds. Saving...
1974:M 25 Jun 15:58:07.307 * Background saving started by pid 21326
21326:C 25 Jun 15:58:07.327 * DB saved on disk
21326:C 25 Jun 15:58:07.327 * RDB: 6 MB of memory used by copy-on-write
1974:M 25 Jun 15:58:07.408 * Background saving terminated with success
[0mGET /kitchen [36m302 [0m1.333 ms - 114[0m
[0mGET /account/signin?next=/kitchen [36m302 [0m2.491 ms - 72[0m
[0mGET /kitchen [32m200 [0m4.269 ms - 6940[0m
[0mGET /css/barrage.css [32m200 [0m1.543 ms - 176[0m
[0mGET /renders/bootstrap/css/bootstrap.min.css [36m304 [0m1.024 ms - -[0m
[0mGET /js/jquery-1.11.2.min.js [36m304 [0m2.108 ms - -[0m
[0mGET /renders/bootstrap/js/bootstrap.min.js [36m304 [0m1.216 ms - -[0m
[0mGET /renders/angular/angular.min.js [36m304 [0m1.126 ms - -[0m
[0mGET /renders/angular-moment/angular-moment.min.js [36m304 [0m2.468 ms - -[0m
[0mGET /renders/moment/locale/zh-cn.js [36m304 [0m2.090 ms - -[0m
[0mGET /renders/moment/moment.js [36m304 [0m2.156 ms - -[0m
[0mGET /js/kitchen.js [32m200 [0m2.397 ms - 4275[0m
[0mGET /images/coffee_bg_fade.JPG [36m304 [0m2.045 ms - -[0m
[0mGET /favicon.ico [33m404 [0m4.019 ms - 841[0m
[0mGET /image/AmericanoBread/middle [32m200 [0m7.798 ms - 15593[0m
[0mGET /port/12345678/thumb [36m304 [0m1.803 ms - -[0m
[0mGET /port/12345678/thumb [36m304 [0m3.110 ms - -[0m
[0mPOST /order/finish [32m200 [0m5.489 ms - -[0m
[0mGET /kitchen [36m304 [0m1.844 ms - -[0m
[0mGET /renders/bootstrap/css/bootstrap.min.css [36m304 [0m0.841 ms - -[0m
[0mGET /css/barrage.css [36m304 [0m1.030 ms - -[0m
[0mGET /js/jquery-1.11.2.min.js [36m304 [0m1.304 ms - -[0m
[0mGET /renders/bootstrap/js/bootstrap.min.js [36m304 [0m0.812 ms - -[0m
[0mGET /renders/moment/moment.js [36m304 [0m0.800 ms - -[0m
[0mGET /renders/angular/angular.min.js [36m304 [0m3.561 ms - -[0m
[0mGET /renders/moment/locale/zh-cn.js [36m304 [0m2.869 ms - -[0m
[0mGET /renders/angular-moment/angular-moment.min.js [36m304 [0m2.522 ms - -[0m
[0mGET /js/kitchen.js [36m304 [0m2.619 ms - -[0m
[0mGET /images/coffee_bg_fade.JPG [36m304 [0m2.132 ms - -[0m
[0mGET /favicon.ico [33m404 [0m1.727 ms - 841[0m
[0mGET /image/Perrier/middle [36m304 [0m1.156 ms - -[0m
[0mGET /port/12345678/thumb [36m304 [0m1.900 ms - -[0m
[0mGET /image/Evian/middle [36m304 [0m1.021 ms - -[0m
1974:M 25 Jun 16:15:41.568 * 100 changes in 300 seconds. Saving...
1974:M 25 Jun 16:15:41.569 * Background saving started by pid 22837
22837:C 25 Jun 16:15:41.589 * DB saved on disk
22837:C 25 Jun 16:15:41.590 * RDB: 6 MB of memory used by copy-on-write
1974:M 25 Jun 16:15:41.671 * Background saving terminated with success
check on
check on
1974:M 25 Jun 16:29:30.870 * 100 changes in 300 seconds. Saving...
1974:M 25 Jun 16:29:30.873 * Background saving started by pid 23493
23493:C 25 Jun 16:29:30.882 * DB saved on disk
23493:C 25 Jun 16:29:30.882 * RDB: 6 MB of memory used by copy-on-write
1974:M 25 Jun 16:29:30.973 * Background saving terminated with success
check on
check on
[0mGET /browserconfig.xml [36m302 [0m1.178 ms - 49[0m
[0mGET /account/signin [36m304 [0m2.171 ms - -[0m
1974:M 25 Jun 16:38:16.322 * 100 changes in 300 seconds. Saving...
1974:M 25 Jun 16:38:16.323 * Background saving started by pid 23663
23663:C 25 Jun 16:38:16.342 * DB saved on disk
23663:C 25 Jun 16:38:16.343 * RDB: 4 MB of memory used by copy-on-write
1974:M 25 Jun 16:38:16.424 * Background saving terminated with success
1974:M 25 Jun 16:43:17.044 * 100 changes in 300 seconds. Saving...
1974:M 25 Jun 16:43:17.046 * Background saving started by pid 23710
23710:C 25 Jun 16:43:17.067 * DB saved on disk
23710:C 25 Jun 16:43:17.068 * RDB: 4 MB of memory used by copy-on-write
1974:M 25 Jun 16:43:17.148 * Background saving terminated with success
1974:M 25 Jun 17:43:18.089 * 1 changes in 3600 seconds. Saving...
1974:M 25 Jun 17:43:18.091 * Background saving started by pid 23880
23880:C 25 Jun 17:43:18.113 * DB saved on disk
23880:C 25 Jun 17:43:18.113 * RDB: 4 MB of memory used by copy-on-write
1974:M 25 Jun 17:43:18.191 * Background saving terminated with success
check on
1974:M 26 Jun 08:37:34.592 * 1 changes in 3600 seconds. Saving...
1974:M 26 Jun 08:37:34.594 * Background saving started by pid 24762
24762:C 26 Jun 08:37:34.614 * DB saved on disk
24762:C 26 Jun 08:37:34.614 * RDB: 4 MB of memory used by copy-on-write
1974:M 26 Jun 08:37:34.694 * Background saving terminated with success
[0mGET / [36m302 [0m2.213 ms - 86[0m
[0mGET /account/signin [32m200 [0m1.640 ms - 2779[0m
[0mGET /renders/bootstrap/css/bootstrap.min.css [36m304 [0m1.065 ms - -[0m
[0mGET /css/cover.css [36m304 [0m0.793 ms - -[0m
[0mGET /css/signin.css [36m304 [0m1.116 ms - -[0m
[0mGET /js/jquery-1.11.2.min.js [36m304 [0m1.424 ms - -[0m
[0mGET /renders/bootstrap/js/bootstrap.min.js [36m304 [0m5.467 ms - -[0m
[0mGET /favicon.ico [36m302 [0m1.566 ms - 49[0m
[0mGET /account/signin [36m304 [0m2.125 ms - -[0m
1974:M 26 Jun 09:18:39.253 * 100 changes in 300 seconds. Saving...
1974:M 26 Jun 09:18:39.255 * Background saving started by pid 25519
25519:C 26 Jun 09:18:39.276 * DB saved on disk
25519:C 26 Jun 09:18:39.277 * RDB: 4 MB of memory used by copy-on-write
1974:M 26 Jun 09:18:39.356 * Background saving terminated with success
crashing child
Starting child process with 'node bin/www'
crashing child
Starting child process with 'node bin/www'
crashing child
Starting child process with 'node bin/www'
crashing child
Starting child process with 'node bin/www'
crashing child
Starting child process with 'node bin/www'
crashing child
Starting child process with 'node bin/www'
crashing child
Starting child process with 'node bin/www'
crashing child
Starting child process with 'node bin/www'
[0mGET / [36m302 [0m21.168 ms - 86[0m
[0mGET /account/signin [36m302 [0m6.830 ms - 58[0m
[0mGET / [36m302 [0m2.584 ms - 70[0m
[0mGET /coffee [36m304 [0m15.494 ms - -[0m
[0mGET /renders/bootstrap/css/bootstrap.min.css [36m304 [0m6.832 ms - -[0m
[0mGET /css/mainTmpl.css [36m304 [0m7.204 ms - -[0m
[0mGET /renders/hook/hook.css [36m304 [0m6.766 ms - -[0m
[0mGET /renders/angular/angular.min.js [36m304 [0m6.433 ms - -[0m
[0mGET /js/main.js [36m304 [0m6.097 ms - -[0m
[0mGET /js/jquery-1.11.2.min.js [36m304 [0m8.922 ms - -[0m
[0mGET /renders/bootstrap/js/bootstrap.min.js [36m304 [0m8.230 ms - -[0m
[0mGET /renders/hook/mousewheel.js [36m304 [0m7.384 ms - -[0m
[0mGET /renders/hook/hook.js [36m304 [0m6.763 ms - -[0m
[0mGET /js/coffee.js [36m304 [0m6.325 ms - -[0m
[0mGET /port/12345678/thumb [36m304 [0m9.515 ms - -[0m
[0mGET /renders/bootstrap/fonts/glyphicons-halflings-regular.woff [36m304 [0m2.281 ms - -[0m
[0mGET /dish/get/cur/1 [32m200 [0m7.608 ms - 1205[0m
[0mGET /favicon.ico [33m404 [0m5.089 ms - 841[0m
[0mGET /favicon.ico [33m404 [0m1.662 ms - 841[0m
[0mGET /image/Perrier/large [36m304 [0m10.638 ms - -[0m
[0mGET /image/Evian/large [36m304 [0m6.581 ms - -[0m
[0mGET /image/AmericanoBread/large [36m304 [0m6.353 ms - -[0m
[0mGET /image/AmericanoSandwich/large [36m304 [0m6.229 ms - -[0m
[0mGET /image/Lemon%20Tea/large [36m304 [0m5.560 ms - -[0m
[0mGET /image/Milk%20Tea%20Tiramisu/large [36m304 [0m8.090 ms - -[0m
[0mGET /image/Plain%20Yogurt/large [36m304 [0m4.469 ms - -[0m
[0mGET /image/Coffee%20Smoothies/large [36m304 [0m4.291 ms - -[0m
[0mGET /image/Honey%20Pomelo%20Smoothies/large [36m304 [0m4.153 ms - -[0m
[0mGET /image/Mango%20Smoothies/large [36m304 [0m4.004 ms - -[0m
[0mGET /myorder [32m200 [0m11.806 ms - 22214[0m
[0mGET /renders/bootstrap/css/bootstrap.min.css [36m304 [0m10.236 ms - -[0m
[0mGET /css/mainTmpl.css [36m304 [0m8.398 ms - -[0m
[0mGET /renders/hook/hook.css [36m304 [0m7.585 ms - -[0m
[0mGET /renders/angular/angular.min.js [36m304 [0m7.016 ms - -[0m
[0mGET /js/jquery-1.11.2.min.js [36m304 [0m5.683 ms - -[0m
[0mGET /renders/bootstrap/js/bootstrap.min.js [36m304 [0m5.064 ms - -[0m
[0mGET /js/main.js [36m304 [0m6.000 ms - -[0m
[0mGET /renders/hook/mousewheel.js [36m304 [0m5.019 ms - -[0m
[0mGET /renders/hook/hook.js [36m304 [0m4.491 ms - -[0m
[0mGET /js/myorder.js [36m304 [0m2.664 ms - -[0m
[0mGET /port/12345678/thumb [36m304 [0m2.486 ms - -[0m
[0mGET /renders/hook/hook-bgs.png [36m304 [0m1.004 ms - -[0m
[0mGET /renders/hook/hook-spinner.png [36m304 [0m0.784 ms - -[0m
[0mGET /myorder [32m200 [0m10.876 ms - 22214[0m
[0mGET /renders/bootstrap/css/bootstrap.min.css [32m200 [0m7.068 ms - 117309[0m
[0mGET /css/mainTmpl.css [32m200 [0m3.861 ms - 3203[0m
[0mGET /renders/hook/hook.css [32m200 [0m1.080 ms - 2283[0m
[0mGET /renders/angular/angular.min.js [32m200 [0m1.455 ms - 126160[0m
[0mGET /js/jquery-1.11.2.min.js [32m200 [0m2.158 ms - 95935[0m
[0mGET /renders/bootstrap/js/bootstrap.min.js [32m200 [0m5.223 ms - 35957[0m
[0mGET /js/main.js [32m200 [0m2.202 ms - 665[0m
[0mGET /renders/hook/mousewheel.js [32m200 [0m1.923 ms - 3845[0m
[0mGET /renders/hook/hook.js [32m200 [0m1.492 ms - 6698[0m
[0mGET /js/myorder.js [32m200 [0m3.052 ms - 1560[0m
[0mGET /port/12345678/thumb [32m200 [0m3.926 ms - 1551[0m
[0mGET /orderState [32m200 [0m21.354 ms - 4974[0m
[0mGET /renders/bootstrap/css/bootstrap.min.css [36m304 [0m9.589 ms - -[0m
[0mGET /css/mainTmpl.css [36m304 [0m8.711 ms - -[0m
[0mGET /renders/hook/hook.css [36m304 [0m8.213 ms - -[0m
[0mGET /js/jquery-1.11.2.min.js [36m304 [0m5.784 ms - -[0m
[0mGET /renders/angular/angular.min.js [36m304 [0m7.456 ms - -[0m
[0mGET /renders/bootstrap/js/bootstrap.min.js [36m304 [0m11.831 ms - -[0m
[0mGET /js/main.js [36m304 [0m6.573 ms - -[0m
[0mGET /renders/hook/mousewheel.js [36m304 [0m5.470 ms - -[0m
[0mGET /renders/hook/hook.js [36m304 [0m5.237 ms - -[0m
[0mGET /image/Perrier/small [36m304 [0m5.580 ms - -[0m
[0mGET /js/orderState.js [32m200 [0m2.355 ms - 1729[0m
[0mGET /port/12345678/thumb [36m304 [0m1.849 ms - -[0m
check on
[0mGET /renders/hook/hook-bgs.png [36m304 [0m2.362 ms - -[0m
[0mGET /renders/hook/hook-spinner.png [36m304 [0m1.785 ms - -[0m
[0mGET /orderState [32m200 [0m10.109 ms - 4974[0m
[0mGET /renders/bootstrap/css/bootstrap.min.css [32m200 [0m4.602 ms - 117309[0m
[0mGET /css/mainTmpl.css [32m200 [0m1.823 ms - 3203[0m
[0mGET /renders/hook/hook.css [32m200 [0m1.824 ms - 2283[0m
[0mGET /renders/angular/angular.min.js [32m200 [0m1.884 ms - 126160[0m
[0mGET /js/jquery-1.11.2.min.js [32m200 [0m2.423 ms - 95935[0m
[0mGET /renders/bootstrap/js/bootstrap.min.js [32m200 [0m1.201 ms - 35957[0m
[0mGET /js/main.js [32m200 [0m1.629 ms - 665[0m
[0mGET /renders/hook/mousewheel.js [32m200 [0m2.266 ms - 3845[0m
[0mGET /renders/hook/hook.js [32m200 [0m2.852 ms - 6698[0m
[0mGET /js/orderState.js [32m200 [0m7.038 ms - 1729[0m
[0mGET /image/Perrier/small [32m200 [0m7.348 ms - 3601[0m
[0mGET /port/12345678/thumb [32m200 [0m6.215 ms - 1551[0m
check on
[0mGET /coffee [36m304 [0m7.098 ms - -[0m
[0mGET /renders/bootstrap/css/bootstrap.min.css [36m304 [0m4.849 ms - -[0m
[0mGET /css/mainTmpl.css [36m304 [0m6.646 ms - -[0m
[0mGET /renders/hook/hook.css [36m304 [0m6.053 ms - -[0m
[0mGET /renders/angular/angular.min.js [36m304 [0m5.717 ms - -[0m
[0mGET /js/jquery-1.11.2.min.js [36m304 [0m5.415 ms - -[0m
[0mGET /renders/bootstrap/js/bootstrap.min.js [36m304 [0m5.020 ms - -[0m
[0mGET /js/main.js [36m304 [0m4.402 ms - -[0m
[0mGET /renders/hook/mousewheel.js [36m304 [0m3.529 ms - -[0m
[0mGET /renders/hook/hook.js [36m304 [0m3.066 ms - -[0m
[0mGET /js/coffee.js [36m304 [0m2.131 ms - -[0m
[0mGET /port/12345678/thumb [36m304 [0m1.688 ms - -[0m
[0mGET /dish/get/cur/1 [36m304 [0m5.081 ms - -[0m
[0mGET /image/Perrier/large [36m304 [0m2.141 ms - -[0m
[0mGET /image/Evian/large [36m304 [0m1.455 ms - -[0m
[0mGET /image/AmericanoBread/large [36m304 [0m1.354 ms - -[0m
[0mGET /image/AmericanoSandwich/large [36m304 [0m2.531 ms - -[0m
[0mGET /image/Lemon%20Tea/large [36m304 [0m1.098 ms - -[0m
[0mGET /image/Milk%20Tea%20Tiramisu/large [36m304 [0m1.172 ms - -[0m
[0mGET /image/Plain%20Yogurt/large [36m304 [0m1.103 ms - -[0m
[0mGET /image/Coffee%20Smoothies/large [36m304 [0m1.231 ms - -[0m
[0mGET /image/Honey%20Pomelo%20Smoothies/large [36m304 [0m1.660 ms - -[0m
[0mGET /image/Mango%20Smoothies/large [36m304 [0m1.660 ms - -[0m
[0mGET /ki [36m302 [0m1.596 ms - 86[0m
[0mGET /account/signin [36m302 [0m1.543 ms - 72[0m
[0mGET /kitchen [32m200 [0m2.887 ms - 7235[0m
[0mGET /renders/bootstrap/css/bootstrap.min.css [36m304 [0m1.188 ms - -[0m
[0mGET /css/barrage.css [32m200 [0m1.427 ms - 176[0m
[0mGET /js/jquery-1.11.2.min.js [36m304 [0m1.746 ms - -[0m
[0mGET /renders/bootstrap/js/bootstrap.min.js [36m304 [0m0.975 ms - -[0m
[0mGET /renders/angular/angular.min.js [36m304 [0m1.518 ms - -[0m
[0mGET /renders/moment/moment.js [36m304 [0m1.045 ms - -[0m
[0mGET /renders/moment/locale/zh-cn.js [36m304 [0m1.098 ms - -[0m
[0mGET /renders/angular-moment/angular-moment.min.js [36m304 [0m4.341 ms - -[0m
[0mGET /js/barrage.js [32m200 [0m2.350 ms - 923[0m
[0mGET /js/kitchen.js [32m200 [0m2.799 ms - 3768[0m
[0mGET /images/coffee_bg_fade.JPG [36m304 [0m1.869 ms - -[0m
[0mGET /favicon.ico [33m404 [0m2.784 ms - 841[0m
[0mGET /image/Perrier/middle [36m304 [0m1.853 ms - -[0m
[0mGET /port/12345678/thumb [36m304 [0m1.921 ms - -[0m
[0mPOST /order/place [32m200 [0m16.634 ms - -[0m
[0mGET /freeTime [32m200 [0m1.585 ms - 1667[0m
[0mGET /renders/bootstrap/css/bootstrap.min.css [36m304 [0m6.222 ms - -[0m
[0mGET /js/jquery-1.11.2.min.js [36m304 [0m5.260 ms - -[0m
[0mGET /renders/bootstrap/js/bootstrap.min.js [36m304 [0m4.681 ms - -[0m
[0mGET /css/barrage.css [36m304 [0m1.798 ms - -[0m
[0mGET /js/freeTime.js [32m200 [0m5.808 ms - 588[0m
[0mGET /js/barrage.js [32m200 [0m3.485 ms - 923[0m
[0mGET /kitchen [32m200 [0m5.671 ms - 7235[0m
[0mGET /css/barrage.css [32m200 [0m4.233 ms - 176[0m
[0mGET /renders/bootstrap/js/bootstrap.min.js [32m200 [0m25.207 ms - 35957[0m
[0mGET /renders/bootstrap/css/bootstrap.min.css [32m200 [0m52.084 ms - 117309[0m
[0mGET /js/jquery-1.11.2.min.js [32m200 [0m48.162 ms - 95935[0m
[0mGET /renders/angular/angular.min.js [32m200 [0m58.481 ms - 126160[0m
[0mGET /renders/moment/locale/zh-cn.js [32m200 [0m1.767 ms - 4857[0m
[0mGET /renders/angular-moment/angular-moment.min.js [32m200 [0m1.083 ms - 4236[0m
[0mGET /renders/moment/moment.js [32m200 [0m101.797 ms - 105016[0m
[0mGET /js/barrage.js [32m200 [0m2.304 ms - 923[0m
[0mGET /js/kitchen.js [32m200 [0m1.819 ms - 3768[0m
[0mGET /images/coffee_bg_fade.JPG [32m200 [0m22.099 ms - 127034[0m
[0mGET /favicon.ico [33m404 [0m1.843 ms - 841[0m
[0mGET /image/Perrier/middle [36m304 [0m1.569 ms - -[0m
[0mGET /port/12345678/thumb [36m304 [0m2.547 ms - -[0m
[0mGET /renders/bootstrap/css/bootstrap.min.css [32m200 [0m1.572 ms - 117309[0m
[0mGET /css/barrage.css [32m200 [0m1.202 ms - 176[0m
[0mGET /renders/angular/angular.min.js.map [36m304 [0m2.157 ms - -[0m
[0mGET /renders/angular-moment/angular-moment.min.js.map [36m304 [0m1.540 ms - -[0m
[0mGET /freeTime [36m302 [0m1.845 ms - 86[0m
[0mGET /account/signin [36m302 [0m1.393 ms - 72[0m
[0mGET /kitchen [36m304 [0m4.547 ms - -[0m
[0mGET /renders/bootstrap/css/bootstrap.min.css [32m200 [0m1.780 ms - 117309[0m
[0mGET /css/barrage.css [32m200 [0m6.274 ms - 176[0m
[0mGET /js/jquery-1.11.2.min.js [32m200 [0m6.449 ms - 95935[0m
[0mGET /renders/moment/moment.js [32m200 [0m2.866 ms - 105016[0m
[0mGET /renders/bootstrap/js/bootstrap.min.js [32m200 [0m22.662 ms - 35957[0m
[0mGET /renders/angular/angular.min.js [32m200 [0m211.756 ms - 126160[0m
[0mGET /renders/moment/locale/zh-cn.js [32m200 [0m1.627 ms - 4857[0m
[0mGET /renders/angular-moment/angular-moment.min.js [32m200 [0m1.352 ms - 4236[0m
[0mGET /js/barrage.js [32m200 [0m1.420 ms - 923[0m
[0mGET /js/kitchen.js [32m200 [0m1.369 ms - 3768[0m
[0mGET /renders/angular/angular.min.js.map [36m304 [0m1.270 ms - -[0m
[0mGET /renders/angular-moment/angular-moment.min.js.map [36m304 [0m1.107 ms - -[0m
[0mGET /images/coffee_bg_fade.JPG [32m200 [0m31.714 ms - 127034[0m
[0mGET /image/Perrier/middle [36m304 [0m8.169 ms - -[0m
[0mGET /port/12345678/thumb [36m304 [0m1.621 ms - -[0m
[0mGET /freeTime [32m200 [0m2.133 ms - 1667[0m
[0mGET /css/barrage.css [32m200 [0m10.741 ms - 176[0m
[0mGET /renders/bootstrap/js/bootstrap.min.js [32m200 [0m10.003 ms - 35957[0m
[0mGET /js/jquery-1.11.2.min.js [32m200 [0m12.447 ms - 95935[0m
[0mGET /js/barrage.js [32m200 [0m9.585 ms - 923[0m
[0mGET /js/freeTime.js [32m200 [0m9.138 ms - 588[0m
[0mGET /renders/bootstrap/css/bootstrap.min.css [32m200 [0m31.591 ms - 117309[0m
