0 info it worked if it ends with ok
1 verbose cli [ 'C:\\Program Files\\nodejs\\\\node.exe',
1 verbose cli   'C:\\Program Files\\nodejs\\node_modules\\npm\\bin\\npm-cli.js',
1 verbose cli   'install',
1 verbose cli   'hiredis',
1 verbose cli   '--save' ]
2 info using npm@2.7.4
3 info using node@v0.12.2
4 verbose node symlink C:\Program Files\nodejs\\node.exe
5 silly cache add args [ 'hiredis', null ]
6 verbose cache add spec hiredis
7 silly cache add parsed spec { raw: 'hiredis',
7 silly cache add   scope: null,
7 silly cache add   name: 'hiredis',
7 silly cache add   rawSpec: '',
7 silly cache add   spec: '*',
7 silly cache add   type: 'range' }
8 verbose addNamed hiredis@*
9 silly addNamed semver.valid null
10 silly addNamed semver.validRange *
11 silly addNameRange { name: 'hiredis', range: '*', hasData: false }
12 silly mapToRegistry name hiredis
13 silly mapToRegistry using default registry
14 silly mapToRegistry registry https://registry.npmjs.org/
15 silly mapToRegistry uri https://registry.npmjs.org/hiredis
16 verbose addNameRange registry:https://registry.npmjs.org/hiredis not in flight; fetching
17 verbose request uri https://registry.npmjs.org/hiredis
18 verbose request no auth needed
19 info attempt registry request try #1 at 1:49:36 PM
20 verbose request id 7acc3acff5936195
21 http request GET https://registry.npmjs.org/hiredis
22 http 200 https://registry.npmjs.org/hiredis
23 silly get cb [ 200,
23 silly get   { date: 'Tue, 28 Apr 2015 05:49:38 GMT',
23 silly get     server: 'CouchDB/1.5.0 (Erlang OTP/R16B03)',
23 silly get     etag: '"BA2R61SWXRBTOFH59H43464JG"',
23 silly get     'content-type': 'application/json',
23 silly get     'cache-control': 'max-age=60',
23 silly get     'content-length': '17958',
23 silly get     'accept-ranges': 'bytes',
23 silly get     via: '1.1 varnish',
23 silly get     age: '41',
23 silly get     'x-served-by': 'cache-nrt6126-NRT',
23 silly get     'x-cache': 'HIT',
23 silly get     'x-cache-hits': '1',
23 silly get     'x-timer': 'S1430200178.251139,VS0,VE0',
23 silly get     vary: 'Accept',
23 silly get     'keep-alive': 'timeout=10, max=50',
23 silly get     connection: 'Keep-Alive' } ]
24 verbose get saving hiredis to C:\Users\wudi2\AppData\Roaming\npm-cache\registry.npmjs.org\hiredis\.cache.json
25 silly addNameRange number 2 { name: 'hiredis', range: '*', hasData: true }
26 silly addNameRange versions [ 'hiredis',
26 silly addNameRange   [ '0.1.0',
26 silly addNameRange     '0.1.1',
26 silly addNameRange     '0.1.2',
26 silly addNameRange     '0.1.3',
26 silly addNameRange     '0.1.4',
26 silly addNameRange     '0.1.5',
26 silly addNameRange     '0.1.6',
26 silly addNameRange     '0.1.8',
26 silly addNameRange     '0.1.9',
26 silly addNameRange     '0.1.10',
26 silly addNameRange     '0.1.12',
26 silly addNameRange     '0.1.13',
26 silly addNameRange     '0.1.14',
26 silly addNameRange     '0.1.15',
26 silly addNameRange     '0.1.16',
26 silly addNameRange     '0.1.17',
26 silly addNameRange     '0.2.0',
26 silly addNameRange     '0.3.0' ] ]
27 verbose addNamed hiredis@0.3.0
28 silly addNamed semver.valid 0.3.0
29 silly addNamed semver.validRange 0.3.0
30 silly mapToRegistry name hiredis
31 silly mapToRegistry using default registry
32 silly mapToRegistry registry https://registry.npmjs.org/
33 silly mapToRegistry uri https://registry.npmjs.org/hiredis
34 verbose addRemoteTarball https://registry.npmjs.org/hiredis/-/hiredis-0.3.0.tgz not in flight; adding
35 verbose addRemoteTarball [ 'https://registry.npmjs.org/hiredis/-/hiredis-0.3.0.tgz',
35 verbose addRemoteTarball   '8981aa09d0f9d7e00c88ceec72ece68444f412d9' ]
36 info retry fetch attempt 1 at 1:49:38 PM
37 info attempt registry request try #1 at 1:49:38 PM
38 http fetch GET https://registry.npmjs.org/hiredis/-/hiredis-0.3.0.tgz
39 http fetch 200 https://registry.npmjs.org/hiredis/-/hiredis-0.3.0.tgz
40 silly fetchAndShaCheck shasum 8981aa09d0f9d7e00c88ceec72ece68444f412d9
41 verbose addTmpTarball C:\Users\wudi2\AppData\Local\Temp\npm-5036-7a52fdaa\registry.npmjs.org\hiredis\-\hiredis-0.3.0.tgz not in flight; adding
42 verbose addTmpTarball already have metadata; skipping unpack for hiredis@0.3.0
43 silly cache afterAdd hiredis@0.3.0
44 verbose afterAdd C:\Users\wudi2\AppData\Roaming\npm-cache\hiredis\0.3.0\package\package.json not in flight; writing
45 verbose afterAdd C:\Users\wudi2\AppData\Roaming\npm-cache\hiredis\0.3.0\package\package.json written
46 silly install resolved [ { name: 'hiredis',
46 silly install resolved     description: 'Wrapper for reply processing code in hiredis',
46 silly install resolved     version: '0.3.0',
46 silly install resolved     homepage: 'http://github.com/redis/hiredis-node',
46 silly install resolved     author: { name: 'Jan-Erik Rediger', email: 'janerik@fnordig.de' },
46 silly install resolved     contributors: [ [Object] ],
46 silly install resolved     main: 'hiredis',
46 silly install resolved     scripts:
46 silly install resolved      { test: 'node test/reader.js && node test/writer.js',
46 silly install resolved        install: 'node-gyp rebuild' },
46 silly install resolved     dependencies: { bindings: '*', nan: '~1.5.0' },
46 silly install resolved     engines: { node: '>= 0.8.0' },
46 silly install resolved     repository:
46 silly install resolved      { type: 'git',
46 silly install resolved        url: 'https://github.com/redis/hiredis-node.git' },
46 silly install resolved     bugs: { url: 'https://github.com/redis/hiredis-node/issues' },
46 silly install resolved     licenses: [ [Object] ],
46 silly install resolved     gypfile: true,
46 silly install resolved     gitHead: '5f8769748a81ed4d1b256798f7675f2651f0fbae',
46 silly install resolved     _id: 'hiredis@0.3.0',
46 silly install resolved     _shasum: '8981aa09d0f9d7e00c88ceec72ece68444f412d9',
46 silly install resolved     _from: 'hiredis@*',
46 silly install resolved     _npmVersion: '2.7.4',
46 silly install resolved     _nodeVersion: '0.12.2',
46 silly install resolved     _npmUser: { name: 'badboy_', email: 'janerik@fnordig.de' },
46 silly install resolved     maintainers: [ [Object], [Object] ],
46 silly install resolved     dist:
46 silly install resolved      { shasum: '8981aa09d0f9d7e00c88ceec72ece68444f412d9',
46 silly install resolved        tarball: 'http://registry.npmjs.org/hiredis/-/hiredis-0.3.0.tgz' },
46 silly install resolved     directories: {},
46 silly install resolved     _resolved: 'https://registry.npmjs.org/hiredis/-/hiredis-0.3.0.tgz' } ]
47 info install hiredis@0.3.0 into C:\Users\wudi2\Documents\GitHub\SKFan
48 info installOne hiredis@0.3.0
49 verbose installOne of hiredis to C:\Users\wudi2\Documents\GitHub\SKFan not in flight; installing
50 verbose lock using C:\Users\wudi2\AppData\Roaming\npm-cache\_locks\hiredis-72e9fdf2589516b8.lock for C:\Users\wudi2\Documents\GitHub\SKFan\node_modules\hiredis
51 silly install write writing hiredis 0.3.0 to C:\Users\wudi2\Documents\GitHub\SKFan\node_modules\hiredis
52 silly cache addNamed cb hiredis@0.3.0
53 verbose unbuild node_modules\hiredis
54 silly gentlyRm C:\Users\wudi2\Documents\GitHub\SKFan\node_modules\hiredis is being purged from base C:\Users\wudi2\Documents\GitHub\SKFan
55 verbose gentlyRm don't care about contents; nuking C:\Users\wudi2\Documents\GitHub\SKFan\node_modules\hiredis
56 verbose tar unpack C:\Users\wudi2\AppData\Roaming\npm-cache\hiredis\0.3.0\package.tgz
57 verbose tar unpacking to C:\Users\wudi2\Documents\GitHub\SKFan\node_modules\hiredis
58 silly gentlyRm C:\Users\wudi2\Documents\GitHub\SKFan\node_modules\hiredis is being purged
59 verbose gentlyRm don't care about contents; nuking C:\Users\wudi2\Documents\GitHub\SKFan\node_modules\hiredis
60 silly gunzTarPerm modes [ '777', '666' ]
61 silly gunzTarPerm extractEntry package.json
62 silly gunzTarPerm modified mode [ 'package.json', 420, 438 ]
63 silly gunzTarPerm extractEntry .npmignore
64 silly gunzTarPerm modified mode [ '.npmignore', 420, 438 ]
65 silly gunzTarPerm extractEntry README.md
66 silly gunzTarPerm modified mode [ 'README.md', 420, 438 ]
67 silly gunzTarPerm extractEntry bench.js
68 silly gunzTarPerm modified mode [ 'bench.js', 420, 438 ]
69 silly gunzTarPerm extractEntry hiredis.js
70 silly gunzTarPerm modified mode [ 'hiredis.js', 420, 438 ]
71 silly gunzTarPerm extractEntry binding.gyp
72 silly gunzTarPerm modified mode [ 'binding.gyp', 420, 438 ]
73 silly gunzTarPerm extractEntry Makefile
74 silly gunzTarPerm modified mode [ 'Makefile', 420, 438 ]
75 silly gunzTarPerm extractEntry appveyor.yml
76 silly gunzTarPerm modified mode [ 'appveyor.yml', 420, 438 ]
77 silly gunzTarPerm extractEntry .gitmodules
78 silly gunzTarPerm modified mode [ '.gitmodules', 420, 438 ]
79 silly gunzTarPerm extractEntry .travis.yml
80 silly gunzTarPerm modified mode [ '.travis.yml', 420, 438 ]
81 silly gunzTarPerm extractEntry deps/hiredis/.npmignore
82 silly gunzTarPerm modified mode [ 'deps/hiredis/.npmignore', 420, 438 ]
83 silly gunzTarPerm extractEntry deps/hiredis/README.md
84 silly gunzTarPerm modified mode [ 'deps/hiredis/README.md', 420, 438 ]
85 silly gunzTarPerm extractEntry deps/hiredis/CHANGELOG.md
86 silly gunzTarPerm modified mode [ 'deps/hiredis/CHANGELOG.md', 420, 438 ]
87 silly gunzTarPerm extractEntry deps/hiredis/COPYING
88 silly gunzTarPerm modified mode [ 'deps/hiredis/COPYING', 420, 438 ]
89 silly gunzTarPerm extractEntry deps/hiredis/Makefile
90 silly gunzTarPerm modified mode [ 'deps/hiredis/Makefile', 420, 438 ]
91 silly gunzTarPerm extractEntry deps/hiredis/win32.h
92 silly gunzTarPerm modified mode [ 'deps/hiredis/win32.h', 420, 438 ]
93 silly gunzTarPerm extractEntry deps/hiredis/adapters/ae.h
94 silly gunzTarPerm modified mode [ 'deps/hiredis/adapters/ae.h', 420, 438 ]
95 silly gunzTarPerm extractEntry deps/hiredis/adapters/glib.h
96 silly gunzTarPerm modified mode [ 'deps/hiredis/adapters/glib.h', 420, 438 ]
97 silly gunzTarPerm extractEntry deps/hiredis/adapters/libev.h
98 silly gunzTarPerm modified mode [ 'deps/hiredis/adapters/libev.h', 420, 438 ]
99 silly gunzTarPerm extractEntry deps/hiredis/adapters/libevent.h
100 silly gunzTarPerm modified mode [ 'deps/hiredis/adapters/libevent.h', 420, 438 ]
101 silly gunzTarPerm extractEntry deps/hiredis/adapters/libuv.h
102 silly gunzTarPerm modified mode [ 'deps/hiredis/adapters/libuv.h', 420, 438 ]
103 silly gunzTarPerm extractEntry deps/hiredis/async.c
104 silly gunzTarPerm modified mode [ 'deps/hiredis/async.c', 420, 438 ]
105 silly gunzTarPerm extractEntry deps/hiredis/async.h
106 silly gunzTarPerm modified mode [ 'deps/hiredis/async.h', 420, 438 ]
107 silly gunzTarPerm extractEntry deps/hiredis/dict.c
108 silly gunzTarPerm modified mode [ 'deps/hiredis/dict.c', 420, 438 ]
109 silly gunzTarPerm extractEntry deps/hiredis/dict.h
110 silly gunzTarPerm modified mode [ 'deps/hiredis/dict.h', 420, 438 ]
111 silly gunzTarPerm extractEntry deps/hiredis/.travis.yml
112 silly gunzTarPerm modified mode [ 'deps/hiredis/.travis.yml', 420, 438 ]
113 silly gunzTarPerm extractEntry deps/hiredis/fmacros.h
114 silly gunzTarPerm modified mode [ 'deps/hiredis/fmacros.h', 420, 438 ]
115 silly gunzTarPerm extractEntry deps/hiredis/hiredis.c
116 silly gunzTarPerm modified mode [ 'deps/hiredis/hiredis.c', 420, 438 ]
117 silly gunzTarPerm extractEntry deps/hiredis/hiredis.h
118 silly gunzTarPerm modified mode [ 'deps/hiredis/hiredis.h', 420, 438 ]
119 silly gunzTarPerm extractEntry deps/hiredis/net.c
120 silly gunzTarPerm modified mode [ 'deps/hiredis/net.c', 420, 438 ]
121 silly gunzTarPerm extractEntry deps/hiredis/net.h
122 silly gunzTarPerm modified mode [ 'deps/hiredis/net.h', 420, 438 ]
123 silly gunzTarPerm extractEntry deps/hiredis/read.c
124 silly gunzTarPerm modified mode [ 'deps/hiredis/read.c', 420, 438 ]
125 silly gunzTarPerm extractEntry deps/hiredis/read.h
126 silly gunzTarPerm modified mode [ 'deps/hiredis/read.h', 420, 438 ]
127 silly gunzTarPerm extractEntry deps/hiredis/sds.c
128 silly gunzTarPerm modified mode [ 'deps/hiredis/sds.c', 420, 438 ]
129 silly gunzTarPerm extractEntry deps/hiredis/sds.h
130 silly gunzTarPerm modified mode [ 'deps/hiredis/sds.h', 420, 438 ]
131 silly gunzTarPerm extractEntry deps/hiredis/test.c
132 silly gunzTarPerm modified mode [ 'deps/hiredis/test.c', 420, 438 ]
133 silly gunzTarPerm extractEntry deps/hiredis/examples/example-ae.c
134 silly gunzTarPerm modified mode [ 'deps/hiredis/examples/example-ae.c', 420, 438 ]
135 silly gunzTarPerm extractEntry deps/hiredis/examples/example-glib.c
136 silly gunzTarPerm modified mode [ 'deps/hiredis/examples/example-glib.c', 420, 438 ]
137 silly gunzTarPerm extractEntry deps/hiredis/examples/example-libev.c
138 silly gunzTarPerm modified mode [ 'deps/hiredis/examples/example-libev.c', 420, 438 ]
139 silly gunzTarPerm extractEntry deps/hiredis/examples/example-libevent.c
140 silly gunzTarPerm modified mode [ 'deps/hiredis/examples/example-libevent.c', 420, 438 ]
141 silly gunzTarPerm extractEntry deps/hiredis/examples/example-libuv.c
142 silly gunzTarPerm modified mode [ 'deps/hiredis/examples/example-libuv.c', 420, 438 ]
143 silly gunzTarPerm extractEntry deps/hiredis/examples/example.c
144 silly gunzTarPerm modified mode [ 'deps/hiredis/examples/example.c', 420, 438 ]
145 silly gunzTarPerm extractEntry deps/hiredis.gyp
146 silly gunzTarPerm modified mode [ 'deps/hiredis.gyp', 420, 438 ]
147 silly gunzTarPerm extractEntry CHANGELOG.md
148 silly gunzTarPerm modified mode [ 'CHANGELOG.md', 420, 438 ]
149 silly gunzTarPerm extractEntry src/hiredis.cc
150 silly gunzTarPerm modified mode [ 'src/hiredis.cc', 420, 438 ]
151 silly gunzTarPerm extractEntry src/reader.cc
152 silly gunzTarPerm modified mode [ 'src/reader.cc', 420, 438 ]
153 silly gunzTarPerm extractEntry src/reader.h
154 silly gunzTarPerm modified mode [ 'src/reader.h', 420, 438 ]
155 silly gunzTarPerm extractEntry COPYING
156 silly gunzTarPerm modified mode [ 'COPYING', 420, 438 ]
157 silly gunzTarPerm extractEntry run-all.sh
158 silly gunzTarPerm modified mode [ 'run-all.sh', 493, 511 ]
159 silly gunzTarPerm extractEntry test/reader.js
160 silly gunzTarPerm modified mode [ 'test/reader.js', 420, 438 ]
161 silly gunzTarPerm extractEntry test/testlib.js
162 silly gunzTarPerm modified mode [ 'test/testlib.js', 420, 438 ]
163 silly gunzTarPerm extractEntry test/writer.js
164 silly gunzTarPerm modified mode [ 'test/writer.js', 420, 438 ]
165 info preinstall hiredis@0.3.0
166 silly prepareForInstallMany adding bindings@* from hiredis dependencies
167 silly prepareForInstallMany adding nan@~1.5.0 from hiredis dependencies
168 silly cache add args [ 'nan@~1.5.0', null ]
169 verbose cache add spec nan@~1.5.0
170 silly cache add parsed spec { raw: 'nan@~1.5.0',
170 silly cache add   scope: null,
170 silly cache add   name: 'nan',
170 silly cache add   rawSpec: '~1.5.0',
170 silly cache add   spec: '>=1.5.0 <1.6.0',
170 silly cache add   type: 'range' }
171 verbose addNamed nan@>=1.5.0 <1.6.0
172 silly addNamed semver.valid null
173 silly addNamed semver.validRange >=1.5.0 <1.6.0
174 silly addNameRange { name: 'nan', range: '>=1.5.0 <1.6.0', hasData: false }
175 silly mapToRegistry name nan
176 silly mapToRegistry using default registry
177 silly mapToRegistry registry https://registry.npmjs.org/
178 silly mapToRegistry uri https://registry.npmjs.org/nan
179 verbose addNameRange registry:https://registry.npmjs.org/nan not in flight; fetching
180 silly cache add args [ 'bindings@*', null ]
181 verbose cache add spec bindings@*
182 silly cache add parsed spec { raw: 'bindings@*',
182 silly cache add   scope: null,
182 silly cache add   name: 'bindings',
182 silly cache add   rawSpec: '*',
182 silly cache add   spec: '*',
182 silly cache add   type: 'range' }
183 verbose addNamed bindings@*
184 silly addNamed semver.valid null
185 silly addNamed semver.validRange *
186 silly addNameRange { name: 'bindings', range: '*', hasData: false }
187 silly mapToRegistry name bindings
188 silly mapToRegistry using default registry
189 silly mapToRegistry registry https://registry.npmjs.org/
190 silly mapToRegistry uri https://registry.npmjs.org/bindings
191 verbose addNameRange registry:https://registry.npmjs.org/bindings not in flight; fetching
192 verbose request uri https://registry.npmjs.org/bindings
193 verbose request no auth needed
194 info attempt registry request try #1 at 1:49:40 PM
195 verbose etag "5997G8NY1OJEMZ1HNHL7VBX5J"
196 http request GET https://registry.npmjs.org/bindings
197 verbose request uri https://registry.npmjs.org/nan
198 verbose request no auth needed
199 info attempt registry request try #1 at 1:49:40 PM
200 verbose etag "D9X1WVB37H5NYMOI61FHEOYM0"
201 http request GET https://registry.npmjs.org/nan
202 http 304 https://registry.npmjs.org/nan
203 silly get cb [ 304,
203 silly get   { date: 'Tue, 28 Apr 2015 05:49:41 GMT',
203 silly get     server: 'Apache',
203 silly get     via: '1.1 varnish',
203 silly get     'last-modified': 'Tue, 28 Apr 2015 05:49:41 GMT',
203 silly get     'cache-control': 'max-age=60',
203 silly get     etag: '"D9X1WVB37H5NYMOI61FHEOYM0"',
203 silly get     age: '51',
203 silly get     'x-served-by': 'cache-nrt6132-NRT',
203 silly get     'x-cache': 'HIT',
203 silly get     'x-cache-hits': '1',
203 silly get     'x-timer': 'S1430200181.599477,VS0,VE1',
203 silly get     vary: 'Accept',
203 silly get     'content-length': '0',
203 silly get     'keep-alive': 'timeout=10, max=50',
203 silly get     connection: 'Keep-Alive' } ]
204 verbose etag https://registry.npmjs.org/nan from cache
205 verbose get saving nan to C:\Users\wudi2\AppData\Roaming\npm-cache\registry.npmjs.org\nan\.cache.json
206 http 304 https://registry.npmjs.org/bindings
207 silly get cb [ 304,
207 silly get   { date: 'Tue, 28 Apr 2015 05:49:41 GMT',
207 silly get     server: 'Apache',
207 silly get     via: '1.1 varnish',
207 silly get     'last-modified': 'Tue, 28 Apr 2015 04:38:16 GMT',
207 silly get     'cache-control': 'max-age=60',
207 silly get     etag: '"5997G8NY1OJEMZ1HNHL7VBX5J"',
207 silly get     age: '39',
207 silly get     'x-served-by': 'cache-nrt6124-NRT',
207 silly get     'x-cache': 'HIT',
207 silly get     'x-cache-hits': '122',
207 silly get     'x-timer': 'S1430200181.603755,VS0,VE0',
207 silly get     vary: 'Accept',
207 silly get     'content-length': '0',
207 silly get     'keep-alive': 'timeout=10, max=50',
207 silly get     connection: 'Keep-Alive' } ]
208 verbose etag https://registry.npmjs.org/bindings from cache
209 verbose get saving bindings to C:\Users\wudi2\AppData\Roaming\npm-cache\registry.npmjs.org\bindings\.cache.json
210 silly addNameRange number 2 { name: 'bindings', range: '*', hasData: true }
211 silly addNameRange versions [ 'bindings',
211 silly addNameRange   [ '0.0.1',
211 silly addNameRange     '0.1.0',
211 silly addNameRange     '0.1.1',
211 silly addNameRange     '0.2.0',
211 silly addNameRange     '0.2.1',
211 silly addNameRange     '0.2.2',
211 silly addNameRange     '0.2.3',
211 silly addNameRange     '0.2.4',
211 silly addNameRange     '0.3.0',
211 silly addNameRange     '0.4.0',
211 silly addNameRange     '1.0.0',
211 silly addNameRange     '1.1.0',
211 silly addNameRange     '1.1.1',
211 silly addNameRange     '1.2.0',
211 silly addNameRange     '1.2.1' ] ]
212 verbose addNamed bindings@1.2.1
213 silly addNamed semver.valid 1.2.1
214 silly addNamed semver.validRange 1.2.1
215 silly addNameRange number 2 { name: 'nan', range: '>=1.5.0 <1.6.0', hasData: true }
216 silly addNameRange versions [ 'nan',
216 silly addNameRange   [ '0.3.0-wip',
216 silly addNameRange     '0.3.0-wip2',
216 silly addNameRange     '0.3.0',
216 silly addNameRange     '0.3.1',
216 silly addNameRange     '0.3.2',
216 silly addNameRange     '0.4.0',
216 silly addNameRange     '0.4.1',
216 silly addNameRange     '0.4.2',
216 silly addNameRange     '0.4.3',
216 silly addNameRange     '0.4.4',
216 silly addNameRange     '0.5.0',
216 silly addNameRange     '0.5.1',
216 silly addNameRange     '0.5.2',
216 silly addNameRange     '0.6.0',
216 silly addNameRange     '0.7.0',
216 silly addNameRange     '0.7.1',
216 silly addNameRange     '0.8.0',
216 silly addNameRange     '1.0.0',
216 silly addNameRange     '1.1.0',
216 silly addNameRange     '1.1.1',
216 silly addNameRange     '1.1.2',
216 silly addNameRange     '1.2.0',
216 silly addNameRange     '1.3.0',
216 silly addNameRange     '1.4.0',
216 silly addNameRange     '1.4.1',
216 silly addNameRange     '1.5.0',
216 silly addNameRange     '1.4.2',
216 silly addNameRange     '1.4.3',
216 silly addNameRange     '1.5.1',
216 silly addNameRange     '1.5.2',
216 silly addNameRange     '1.6.0',
216 silly addNameRange     '1.5.3',
216 silly addNameRange     '1.6.1',
216 silly addNameRange     '1.6.2',
216 silly addNameRange     '1.7.0',
216 silly addNameRange     '1.8.0',
216 silly addNameRange     '1.8.1',
216 silly addNameRange     '1.8.2',
216 silly addNameRange     '1.8.3',
216 silly addNameRange     '1.8.4' ] ]
217 verbose addNamed nan@1.5.3
218 silly addNamed semver.valid 1.5.3
219 silly addNamed semver.validRange 1.5.3
220 silly mapToRegistry name nan
221 silly mapToRegistry using default registry
222 silly mapToRegistry registry https://registry.npmjs.org/
223 silly mapToRegistry uri https://registry.npmjs.org/nan
224 verbose addRemoteTarball https://registry.npmjs.org/nan/-/nan-1.5.3.tgz not in flight; adding
225 verbose addRemoteTarball [ 'https://registry.npmjs.org/nan/-/nan-1.5.3.tgz',
225 verbose addRemoteTarball   '4cd0ecc133b7b0700a492a646add427ae8a318eb' ]
226 info retry fetch attempt 1 at 1:49:41 PM
227 info attempt registry request try #1 at 1:49:41 PM
228 http fetch GET https://registry.npmjs.org/nan/-/nan-1.5.3.tgz
229 silly cache afterAdd bindings@1.2.1
230 verbose afterAdd C:\Users\wudi2\AppData\Roaming\npm-cache\bindings\1.2.1\package\package.json not in flight; writing
231 verbose afterAdd C:\Users\wudi2\AppData\Roaming\npm-cache\bindings\1.2.1\package\package.json written
232 http fetch 200 https://registry.npmjs.org/nan/-/nan-1.5.3.tgz
233 silly fetchAndShaCheck shasum 4cd0ecc133b7b0700a492a646add427ae8a318eb
234 verbose addTmpTarball C:\Users\wudi2\AppData\Local\Temp\npm-5036-7a52fdaa\registry.npmjs.org\nan\-\nan-1.5.3.tgz not in flight; adding
235 verbose addTmpTarball already have metadata; skipping unpack for nan@1.5.3
236 silly cache afterAdd nan@1.5.3
237 verbose afterAdd C:\Users\wudi2\AppData\Roaming\npm-cache\nan\1.5.3\package\package.json not in flight; writing
238 verbose afterAdd C:\Users\wudi2\AppData\Roaming\npm-cache\nan\1.5.3\package\package.json written
239 silly install resolved [ { name: 'bindings',
239 silly install resolved     description: 'Helper module for loading your native module\'s .node file',
239 silly install resolved     keywords: [ 'native', 'addon', 'bindings', 'gyp', 'waf', 'c', 'c++' ],
239 silly install resolved     version: '1.2.1',
239 silly install resolved     author:
239 silly install resolved      { name: 'Nathan Rajlich',
239 silly install resolved        email: 'nathan@tootallnate.net',
239 silly install resolved        url: 'http://tootallnate.net' },
239 silly install resolved     repository:
239 silly install resolved      { type: 'git',
239 silly install resolved        url: 'git://github.com/TooTallNate/node-bindings.git' },
239 silly install resolved     main: './bindings.js',
239 silly install resolved     bugs: { url: 'https://github.com/TooTallNate/node-bindings/issues' },
239 silly install resolved     homepage: 'https://github.com/TooTallNate/node-bindings',
239 silly install resolved     license: 'MIT',
239 silly install resolved     gitHead: 'e404152ee27f8478ccbc7122ee051246e8e5ec02',
239 silly install resolved     _id: 'bindings@1.2.1',
239 silly install resolved     scripts: {},
239 silly install resolved     _shasum: '14ad6113812d2d37d72e67b4cacb4bb726505f11',
239 silly install resolved     _from: 'bindings@*',
239 silly install resolved     _npmVersion: '1.4.14',
239 silly install resolved     _npmUser: { name: 'tootallnate', email: 'nathan@tootallnate.net' },
239 silly install resolved     maintainers: [ [Object], [Object] ],
239 silly install resolved     dist:
239 silly install resolved      { shasum: '14ad6113812d2d37d72e67b4cacb4bb726505f11',
239 silly install resolved        tarball: 'http://registry.npmjs.org/bindings/-/bindings-1.2.1.tgz' },
239 silly install resolved     directories: {},
239 silly install resolved     _resolved: 'https://registry.npmjs.org/bindings/-/bindings-1.2.1.tgz',
239 silly install resolved     readme: 'ERROR: No README data found!' },
239 silly install resolved   { name: 'nan',
239 silly install resolved     version: '1.5.3',
239 silly install resolved     description: 'Native Abstractions for Node.js: C++ header for Node 0.8->0.12 compatibility',
239 silly install resolved     main: 'include_dirs.js',
239 silly install resolved     repository: { type: 'git', url: 'git://github.com/rvagg/nan.git' },
239 silly install resolved     scripts:
239 silly install resolved      { test: 'tap --gc test/js/*-test.js',
239 silly install resolved        'rebuild-tests': 'node-gyp rebuild --directory test' },
239 silly install resolved     contributors:
239 silly install resolved      [ [Object],
239 silly install resolved        [Object],
239 silly install resolved        [Object],
239 silly install resolved        [Object],
239 silly install resolved        [Object],
239 silly install resolved        [Object],
239 silly install resolved        [Object] ],
239 silly install resolved     devDependencies:
239 silly install resolved      { bindings: '~1.2.1',
239 silly install resolved        'node-gyp': '~1.0.2',
239 silly install resolved        tap: '~0.5.0',
239 silly install resolved        xtend: '~4.0.0' },
239 silly install resolved     license: 'MIT',
239 silly install resolved     gitHead: '28ea7e1b769f790c69deaf141b47e4d41e176e8b',
239 silly install resolved     bugs: { url: 'https://github.com/rvagg/nan/issues' },
239 silly install resolved     homepage: 'https://github.com/rvagg/nan',
239 silly install resolved     _id: 'nan@1.5.3',
239 silly install resolved     _shasum: '4cd0ecc133b7b0700a492a646add427ae8a318eb',
239 silly install resolved     _from: 'nan@>=1.5.0 <1.6.0',
239 silly install resolved     _npmVersion: '2.1.18',
239 silly install resolved     _nodeVersion: '1.0.3',
239 silly install resolved     _npmUser: { name: 'rvagg', email: 'rod@vagg.org' },
239 silly install resolved     maintainers: [ [Object], [Object] ],
239 silly install resolved     dist:
239 silly install resolved      { shasum: '4cd0ecc133b7b0700a492a646add427ae8a318eb',
239 silly install resolved        tarball: 'http://registry.npmjs.org/nan/-/nan-1.5.3.tgz' },
239 silly install resolved     directories: {},
239 silly install resolved     _resolved: 'https://registry.npmjs.org/nan/-/nan-1.5.3.tgz' } ]
240 info install bindings@1.2.1 into C:\Users\wudi2\Documents\GitHub\SKFan\node_modules\hiredis
241 info install nan@1.5.3 into C:\Users\wudi2\Documents\GitHub\SKFan\node_modules\hiredis
242 info installOne bindings@1.2.1
243 verbose installOne of bindings to C:\Users\wudi2\Documents\GitHub\SKFan\node_modules\hiredis not in flight; installing
244 info installOne nan@1.5.3
245 verbose installOne of nan to C:\Users\wudi2\Documents\GitHub\SKFan\node_modules\hiredis not in flight; installing
246 verbose lock using C:\Users\wudi2\AppData\Roaming\npm-cache\_locks\bindings-a697a6ba6d109ecc.lock for C:\Users\wudi2\Documents\GitHub\SKFan\node_modules\hiredis\node_modules\bindings
247 verbose lock using C:\Users\wudi2\AppData\Roaming\npm-cache\_locks\nan-c9b3c82276c21ca5.lock for C:\Users\wudi2\Documents\GitHub\SKFan\node_modules\hiredis\node_modules\nan
248 silly install write writing bindings 1.2.1 to C:\Users\wudi2\Documents\GitHub\SKFan\node_modules\hiredis\node_modules\bindings
249 silly cache addNamed cb bindings@1.2.1
250 verbose unbuild node_modules\hiredis\node_modules\bindings
251 silly install write writing nan 1.5.3 to C:\Users\wudi2\Documents\GitHub\SKFan\node_modules\hiredis\node_modules\nan
252 silly gentlyRm C:\Users\wudi2\Documents\GitHub\SKFan\node_modules\hiredis\node_modules\bindings is being purged from base C:\Users\wudi2\Documents\GitHub\SKFan
253 verbose gentlyRm don't care about contents; nuking C:\Users\wudi2\Documents\GitHub\SKFan\node_modules\hiredis\node_modules\bindings
254 verbose tar unpack C:\Users\wudi2\AppData\Roaming\npm-cache\bindings\1.2.1\package.tgz
255 verbose tar unpacking to C:\Users\wudi2\Documents\GitHub\SKFan\node_modules\hiredis\node_modules\bindings
256 silly gentlyRm C:\Users\wudi2\Documents\GitHub\SKFan\node_modules\hiredis\node_modules\bindings is being purged
257 verbose gentlyRm don't care about contents; nuking C:\Users\wudi2\Documents\GitHub\SKFan\node_modules\hiredis\node_modules\bindings
258 silly gunzTarPerm modes [ '777', '666' ]
259 silly cache addNamed cb nan@1.5.3
260 verbose unbuild node_modules\hiredis\node_modules\nan
261 silly gentlyRm C:\Users\wudi2\Documents\GitHub\SKFan\node_modules\hiredis\node_modules\nan is being purged from base C:\Users\wudi2\Documents\GitHub\SKFan
262 verbose gentlyRm don't care about contents; nuking C:\Users\wudi2\Documents\GitHub\SKFan\node_modules\hiredis\node_modules\nan
263 verbose tar unpack C:\Users\wudi2\AppData\Roaming\npm-cache\nan\1.5.3\package.tgz
264 verbose tar unpacking to C:\Users\wudi2\Documents\GitHub\SKFan\node_modules\hiredis\node_modules\nan
265 silly gentlyRm C:\Users\wudi2\Documents\GitHub\SKFan\node_modules\hiredis\node_modules\nan is being purged
266 verbose gentlyRm don't care about contents; nuking C:\Users\wudi2\Documents\GitHub\SKFan\node_modules\hiredis\node_modules\nan
267 silly gunzTarPerm modes [ '777', '666' ]
268 silly gunzTarPerm extractEntry package.json
269 silly gunzTarPerm modified mode [ 'package.json', 436, 438 ]
270 silly gunzTarPerm extractEntry README.md
271 silly gunzTarPerm modified mode [ 'README.md', 436, 438 ]
272 silly gunzTarPerm extractEntry include_dirs.js
273 silly gunzTarPerm modified mode [ 'include_dirs.js', 420, 438 ]
274 silly gunzTarPerm extractEntry LICENSE.md
275 silly gunzTarPerm modified mode [ 'LICENSE.md', 436, 438 ]
276 silly gunzTarPerm extractEntry .dntrc
277 silly gunzTarPerm modified mode [ '.dntrc', 436, 438 ]
278 silly gunzTarPerm extractEntry appveyor.yml
279 silly gunzTarPerm modified mode [ 'appveyor.yml', 436, 438 ]
280 silly gunzTarPerm extractEntry nan.h
281 silly gunzTarPerm modified mode [ 'nan.h', 436, 438 ]
282 silly gunzTarPerm extractEntry nan_implementation_12_inl.h
283 silly gunzTarPerm modified mode [ 'nan_implementation_12_inl.h', 436, 438 ]
284 silly gunzTarPerm extractEntry nan_implementation_pre_12_inl.h
285 silly gunzTarPerm modified mode [ 'nan_implementation_pre_12_inl.h', 436, 438 ]
286 silly gunzTarPerm extractEntry nan_new.h
287 silly gunzTarPerm modified mode [ 'nan_new.h', 436, 438 ]
288 silly gunzTarPerm extractEntry CHANGELOG.md
289 silly gunzTarPerm modified mode [ 'CHANGELOG.md', 436, 438 ]
290 silly gunzTarPerm extractEntry package.json
291 silly gunzTarPerm modified mode [ 'package.json', 420, 438 ]
292 silly gunzTarPerm extractEntry README.md
293 silly gunzTarPerm modified mode [ 'README.md', 420, 438 ]
294 silly gunzTarPerm extractEntry bindings.js
295 silly gunzTarPerm modified mode [ 'bindings.js', 420, 438 ]
296 info preinstall bindings@1.2.1
297 silly install resolved []
298 verbose about to build C:\Users\wudi2\Documents\GitHub\SKFan\node_modules\hiredis\node_modules\bindings
299 info build C:\Users\wudi2\Documents\GitHub\SKFan\node_modules\hiredis\node_modules\bindings
300 verbose linkStuff [ false,
300 verbose linkStuff   false,
300 verbose linkStuff   false,
300 verbose linkStuff   'C:\\Users\\wudi2\\Documents\\GitHub\\SKFan\\node_modules\\hiredis\\node_modules' ]
301 info linkStuff bindings@1.2.1
302 verbose linkBins bindings@1.2.1
303 verbose linkMans bindings@1.2.1
304 verbose rebuildBundles bindings@1.2.1
305 info install bindings@1.2.1
306 info postinstall bindings@1.2.1
307 verbose unlock done using C:\Users\wudi2\AppData\Roaming\npm-cache\_locks\bindings-a697a6ba6d109ecc.lock for C:\Users\wudi2\Documents\GitHub\SKFan\node_modules\hiredis\node_modules\bindings
308 info preinstall nan@1.5.3
309 silly install resolved []
310 verbose about to build C:\Users\wudi2\Documents\GitHub\SKFan\node_modules\hiredis\node_modules\nan
311 info build C:\Users\wudi2\Documents\GitHub\SKFan\node_modules\hiredis\node_modules\nan
312 verbose linkStuff [ false,
312 verbose linkStuff   false,
312 verbose linkStuff   false,
312 verbose linkStuff   'C:\\Users\\wudi2\\Documents\\GitHub\\SKFan\\node_modules\\hiredis\\node_modules' ]
313 info linkStuff nan@1.5.3
314 verbose linkBins nan@1.5.3
315 verbose linkMans nan@1.5.3
316 verbose rebuildBundles nan@1.5.3
317 info install nan@1.5.3
318 info postinstall nan@1.5.3
319 verbose unlock done using C:\Users\wudi2\AppData\Roaming\npm-cache\_locks\nan-c9b3c82276c21ca5.lock for C:\Users\wudi2\Documents\GitHub\SKFan\node_modules\hiredis\node_modules\nan
320 verbose about to build C:\Users\wudi2\Documents\GitHub\SKFan\node_modules\hiredis
321 info build C:\Users\wudi2\Documents\GitHub\SKFan\node_modules\hiredis
322 verbose linkStuff [ false,
322 verbose linkStuff   false,
322 verbose linkStuff   false,
322 verbose linkStuff   'C:\\Users\\wudi2\\Documents\\GitHub\\SKFan\\node_modules' ]
323 info linkStuff hiredis@0.3.0
324 verbose linkBins hiredis@0.3.0
325 verbose linkMans hiredis@0.3.0
326 verbose rebuildBundles hiredis@0.3.0
327 verbose rebuildBundles [ 'bindings', 'nan' ]
328 info install hiredis@0.3.0
329 verbose unsafe-perm in lifecycle true
330 info hiredis@0.3.0 Failed to exec install script
331 verbose unlock done using C:\Users\wudi2\AppData\Roaming\npm-cache\_locks\hiredis-72e9fdf2589516b8.lock for C:\Users\wudi2\Documents\GitHub\SKFan\node_modules\hiredis
332 verbose stack Error: hiredis@0.3.0 install: `node-gyp rebuild`
332 verbose stack Exit status 1
332 verbose stack     at EventEmitter.<anonymous> (C:\Program Files\nodejs\node_modules\npm\lib\utils\lifecycle.js:213:16)
332 verbose stack     at EventEmitter.emit (events.js:110:17)
332 verbose stack     at ChildProcess.<anonymous> (C:\Program Files\nodejs\node_modules\npm\lib\utils\spawn.js:14:12)
332 verbose stack     at ChildProcess.emit (events.js:110:17)
332 verbose stack     at maybeClose (child_process.js:1015:16)
332 verbose stack     at Process.ChildProcess._handle.onexit (child_process.js:1087:5)
333 verbose pkgid hiredis@0.3.0
334 verbose cwd C:\Users\wudi2\Documents\GitHub\SKFan
335 error Windows_NT 6.1.7601
336 error argv "C:\\Program Files\\nodejs\\\\node.exe" "C:\\Program Files\\nodejs\\node_modules\\npm\\bin\\npm-cli.js" "install" "hiredis" "--save"
337 error node v0.12.2
338 error npm  v2.7.4
339 error code ELIFECYCLE
340 error hiredis@0.3.0 install: `node-gyp rebuild`
340 error Exit status 1
341 error Failed at the hiredis@0.3.0 install script 'node-gyp rebuild'.
341 error This is most likely a problem with the hiredis package,
341 error not with npm itself.
341 error Tell the author that this fails on your system:
341 error     node-gyp rebuild
341 error You can get their info via:
341 error     npm owner ls hiredis
341 error There is likely additional logging output above.
342 verbose exit [ 1, true ]
343 verbose unbuild node_modules\hiredis
344 info preuninstall hiredis@0.3.0
345 info uninstall hiredis@0.3.0
346 verbose unbuild rmStuff hiredis@0.3.0 from C:\Users\wudi2\Documents\GitHub\SKFan\node_modules
347 info postuninstall hiredis@0.3.0
348 silly gentlyRm C:\Users\wudi2\Documents\GitHub\SKFan\node_modules\hiredis is being purged from base C:\Users\wudi2\Documents\GitHub\SKFan
349 verbose gentlyRm don't care about contents; nuking C:\Users\wudi2\Documents\GitHub\SKFan\node_modules\hiredis
350 silly vacuum-fs purging C:\Users\wudi2\Documents\GitHub\SKFan\node_modules\hiredis
351 silly vacuum-fs quitting because other entries in C:\Users\wudi2\Documents\GitHub\SKFan\node_modules
